Set parameter Username
Academic license - for non-commercial use only - expires 2025-02-25
Sample size 128, iteration 0, SAA time: 0.5607290267944336
Set parameter Username
Set parameter Username
Academic license - for non-commercial use only - expires 2025-02-25
Set parameter Username
Academic license - for non-commercial use only - expires 2025-02-25
Academic license - for non-commercial use only - expires 2025-02-25
Set parameter Username
Set parameter Username
Academic license - for non-commercial use only - expires 2025-02-25
Academic license - for non-commercial use only - expires 2025-02-25
Set parameter Username
Academic license - for non-commercial use only - expires 2025-02-25
Set parameter Username
Academic license - for non-commercial use only - expires 2025-02-25
Set parameter Username
Academic license - for non-commercial use only - expires 2025-02-25
Sample size 128, iteration 0, B=200, k=0.1, Bagging Alg 1 time: 1.4169771671295166
Set parameter Username
Set parameter Username
Academic license - for non-commercial use only - expires 2025-02-25
Academic license - for non-commercial use only - expires 2025-02-25
Set parameter Username
Academic license - for non-commercial use only - expires 2025-02-25
Set parameter Username
Set parameter Username
Academic license - for non-commercial use only - expires 2025-02-25
Academic license - for non-commercial use only - expires 2025-02-25
Set parameter Username
Academic license - for non-commercial use only - expires 2025-02-25
Set parameter Username
Academic license - for non-commercial use only - expires 2025-02-25
Set parameter Username
Academic license - for non-commercial use only - expires 2025-02-25
Sample size 128, iteration 0, B=200, k=2, Bagging Alg 1 time: 1.4193320274353027
Set parameter Username
Set parameter Username
Academic license - for non-commercial use only - expires 2025-02-25
Academic license - for non-commercial use only - expires 2025-02-25
Set parameter Username
Academic license - for non-commercial use only - expires 2025-02-25
Set parameter Username
Academic license - for non-commercial use only - expires 2025-02-25
Set parameter Username
Set parameter Username
Academic license - for non-commercial use only - expires 2025-02-25
Academic license - for non-commercial use only - expires 2025-02-25
Set parameter Username
Academic license - for non-commercial use only - expires 2025-02-25
Set parameter Username
Academic license - for non-commercial use only - expires 2025-02-25
Sample size 128, iteration 0, B=200, k=10, Bagging Alg 1 time: 1.4987709522247314
Set parameter Username
Set parameter Username
Set parameter Username
Academic license - for non-commercial use only - expires 2025-02-25
Academic license - for non-commercial use only - expires 2025-02-25
Academic license - for non-commercial use only - expires 2025-02-25
Set parameter Username
Set parameter Username
Academic license - for non-commercial use only - expires 2025-02-25
Academic license - for non-commercial use only - expires 2025-02-25
Set parameter Username
Academic license - for non-commercial use only - expires 2025-02-25
Set parameter Username
Set parameter Username
Academic license - for non-commercial use only - expires 2025-02-25
Academic license - for non-commercial use only - expires 2025-02-25
Sample size 128, iteration 0, B=200, k=50, Bagging Alg 1 time: 1.6827409267425537
Set parameter Username
Academic license - for non-commercial use only - expires 2025-02-25
Set parameter Username
Set parameter Username
Academic license - for non-commercial use only - expires 2025-02-25
Academic license - for non-commercial use only - expires 2025-02-25
Set parameter Username
Set parameter Username
Academic license - for non-commercial use only - expires 2025-02-25
Academic license - for non-commercial use only - expires 2025-02-25
Set parameter Username
Set parameter Username
Academic license - for non-commercial use only - expires 2025-02-25
Academic license - for non-commercial use only - expires 2025-02-25
Set parameter Username
Academic license - for non-commercial use only - expires 2025-02-25
Sample size 128, iteration 0, B=400, k=0.1, Bagging Alg 1 time: 1.6180481910705566
Set parameter Username
Academic license - for non-commercial use only - expires 2025-02-25
Set parameter Username
Set parameter Username
Academic license - for non-commercial use only - expires 2025-02-25
Academic license - for non-commercial use only - expires 2025-02-25
Set parameter Username
Academic license - for non-commercial use only - expires 2025-02-25
Set parameter Username
Academic license - for non-commercial use only - expires 2025-02-25
Set parameter Username
Set parameter Username
Academic license - for non-commercial use only - expires 2025-02-25
Set parameter Username
Academic license - for non-commercial use only - expires 2025-02-25
Academic license - for non-commercial use only - expires 2025-02-25
Sample size 128, iteration 0, B=400, k=2, Bagging Alg 1 time: 1.5089731216430664
Set parameter Username
Set parameter Username
Set parameter Username
Academic license - for non-commercial use only - expires 2025-02-25
Set parameter Username
Academic license - for non-commercial use only - expires 2025-02-25
Academic license - for non-commercial use only - expires 2025-02-25
Academic license - for non-commercial use only - expires 2025-02-25
Set parameter Username
Set parameter Username
Set parameter Username
Academic license - for non-commercial use only - expires 2025-02-25
Academic license - for non-commercial use only - expires 2025-02-25
Academic license - for non-commercial use only - expires 2025-02-25
Set parameter Username
Academic license - for non-commercial use only - expires 2025-02-25
Sample size 128, iteration 0, B=400, k=10, Bagging Alg 1 time: 1.5854620933532715
Set parameter Username
Set parameter Username
Academic license - for non-commercial use only - expires 2025-02-25
Academic license - for non-commercial use only - expires 2025-02-25
Set parameter Username
Academic license - for non-commercial use only - expires 2025-02-25
Set parameter Username
Academic license - for non-commercial use only - expires 2025-02-25
Set parameter Username
Academic license - for non-commercial use only - expires 2025-02-25
Set parameter Username
Academic license - for non-commercial use only - expires 2025-02-25
Set parameter Username
Academic license - for non-commercial use only - expires 2025-02-25
Set parameter Username
Academic license - for non-commercial use only - expires 2025-02-25
Sample size 128, iteration 0, B=400, k=50, Bagging Alg 1 time: 1.8259620666503906
Set parameter Username
Set parameter Username
Academic license - for non-commercial use only - expires 2025-02-25
Set parameter Username
Set parameter Username
Academic license - for non-commercial use only - expires 2025-02-25
Set parameter Username
Academic license - for non-commercial use only - expires 2025-02-25
Academic license - for non-commercial use only - expires 2025-02-25
Academic license - for non-commercial use only - expires 2025-02-25
Set parameter Username
Academic license - for non-commercial use only - expires 2025-02-25
Set parameter Username
Academic license - for non-commercial use only - expires 2025-02-25
Set parameter Username
Academic license - for non-commercial use only - expires 2025-02-25
Set parameter Username
Academic license - for non-commercial use only - expires 2025-02-25
Set parameter Username
Academic license - for non-commercial use only - expires 2025-02-25
Set parameter Username
Set parameter Username
Set parameter Username
Academic license - for non-commercial use only - expires 2025-02-25
Set parameter Username
Academic license - for non-commercial use only - expires 2025-02-25
Academic license - for non-commercial use only - expires 2025-02-25
Academic license - for non-commercial use only - expires 2025-02-25
Set parameter Username
Academic license - for non-commercial use only - expires 2025-02-25
Set parameter Username
Academic license - for non-commercial use only - expires 2025-02-25
Sample size 128, iteration 0, B1=20, B2=200, k=0.1, Bagging Alg 3 & 4time: 6.947545051574707
Set parameter Username
Set parameter Username
Academic license - for non-commercial use only - expires 2025-02-25
Academic license - for non-commercial use only - expires 2025-02-25
Set parameter Username
Set parameter Username
Academic license - for non-commercial use only - expires 2025-02-25
Set parameter Username
Academic license - for non-commercial use only - expires 2025-02-25
Set parameter Username
Academic license - for non-commercial use only - expires 2025-02-25
Academic license - for non-commercial use only - expires 2025-02-25
Set parameter Username
Academic license - for non-commercial use only - expires 2025-02-25
Set parameter Username
Academic license - for non-commercial use only - expires 2025-02-25
