Set parameter Username
Academic license - for non-commercial use only - expires 2025-02-25
Sample size 128, iteration 0, SAA time: 1.0318338871002197
Set parameter Username
Academic license - for non-commercial use only - expires 2025-02-25
Set parameter Username
Set parameter Username
Academic license - for non-commercial use only - expires 2025-02-25
Set parameter Username
Academic license - for non-commercial use only - expires 2025-02-25
Academic license - for non-commercial use only - expires 2025-02-25
Set parameter Username
Academic license - for non-commercial use only - expires 2025-02-25
Set parameter Username
Academic license - for non-commercial use only - expires 2025-02-25
Set parameter Username
Set parameter Username
Academic license - for non-commercial use only - expires 2025-02-25
Academic license - for non-commercial use only - expires 2025-02-25
Sample size 128, iteration 0, B=200, k=10, Bagging Alg 1 time: 2.6520278453826904
Set parameter Username
Academic license - for non-commercial use only - expires 2025-02-25
Set parameter Username
Set parameter Username
Academic license - for non-commercial use only - expires 2025-02-25
Academic license - for non-commercial use only - expires 2025-02-25
Set parameter Username
Academic license - for non-commercial use only - expires 2025-02-25
Set parameter Username
Academic license - for non-commercial use only - expires 2025-02-25
Set parameter Username
Academic license - for non-commercial use only - expires 2025-02-25
Set parameter Username
Academic license - for non-commercial use only - expires 2025-02-25
Set parameter Username
Academic license - for non-commercial use only - expires 2025-02-25
Set parameter Username
Set parameter Username
Academic license - for non-commercial use only - expires 2025-02-25
Academic license - for non-commercial use only - expires 2025-02-25
Set parameter Username
Academic license - for non-commercial use only - expires 2025-02-25
Set parameter Username
Academic license - for non-commercial use only - expires 2025-02-25
Set parameter Username
Set parameter Username
Academic license - for non-commercial use only - expires 2025-02-25
Academic license - for non-commercial use only - expires 2025-02-25
Set parameter Username
Academic license - for non-commercial use only - expires 2025-02-25
Set parameter Username
Academic license - for non-commercial use only - expires 2025-02-25
Time for generating suboptimality gap matrix: 3.203809976577759
Set parameter Username
Academic license - for non-commercial use only - expires 2025-02-25
Set parameter Username
Academic license - for non-commercial use only - expires 2025-02-25
Set parameter Username
Academic license - for non-commercial use only - expires 2025-02-25
Set parameter Username
Set parameter Username
Academic license - for non-commercial use only - expires 2025-02-25
Academic license - for non-commercial use only - expires 2025-02-25
Set parameter Username
Academic license - for non-commercial use only - expires 2025-02-25
Set parameter Username
Academic license - for non-commercial use only - expires 2025-02-25
Set parameter Username
Academic license - for non-commercial use only - expires 2025-02-25
Set parameter Username
Academic license - for non-commercial use only - expires 2025-02-25
Set parameter Username
Academic license - for non-commercial use only - expires 2025-02-25
Set parameter Username
Academic license - for non-commercial use only - expires 2025-02-25
Set parameter Username
Academic license - for non-commercial use only - expires 2025-02-25
Set parameter Username
Set parameter Username
Set parameter Username
Academic license - for non-commercial use only - expires 2025-02-25
Academic license - for non-commercial use only - expires 2025-02-25
Academic license - for non-commercial use only - expires 2025-02-25
Set parameter Username
Academic license - for non-commercial use only - expires 2025-02-25
Time for generating suboptimality gap matrix: 3.2450897693634033
Sample size 128, iteration 0, B1=20, B2=200, k=10, Bagging Alg 3 & 4time: 10.192331075668335
Set parameter Username
Academic license - for non-commercial use only - expires 2025-02-25
Sample size 256, iteration 0, SAA time: 1.0417141914367676
Set parameter Username
Academic license - for non-commercial use only - expires 2025-02-25
Set parameter Username
Set parameter Username
Academic license - for non-commercial use only - expires 2025-02-25
Academic license - for non-commercial use only - expires 2025-02-25
Set parameter Username
Academic license - for non-commercial use only - expires 2025-02-25
Set parameter Username
Academic license - for non-commercial use only - expires 2025-02-25
Set parameter Username
Academic license - for non-commercial use only - expires 2025-02-25
Set parameter Username
Set parameter Username
Academic license - for non-commercial use only - expires 2025-02-25
Academic license - for non-commercial use only - expires 2025-02-25
Sample size 256, iteration 0, B=200, k=10, Bagging Alg 1 time: 3.2827000617980957
Set parameter Username
Academic license - for non-commercial use only - expires 2025-02-25
Set parameter Username
Set parameter Username
Set parameter Username
Set parameter Username
Academic license - for non-commercial use only - expires 2025-02-25
Academic license - for non-commercial use only - expires 2025-02-25
Set parameter Username
Academic license - for non-commercial use only - expires 2025-02-25
Set parameter Username
Set parameter Username
Academic license - for non-commercial use only - expires 2025-02-25
Academic license - for non-commercial use only - expires 2025-02-25
Academic license - for non-commercial use only - expires 2025-02-25
Academic license - for non-commercial use only - expires 2025-02-25
Set parameter Username
Academic license - for non-commercial use only - expires 2025-02-25
Set parameter Username
Academic license - for non-commercial use only - expires 2025-02-25
Set parameter Username
Academic license - for non-commercial use only - expires 2025-02-25
Set parameter Username
Set parameter Username
Academic license - for non-commercial use only - expires 2025-02-25
Academic license - for non-commercial use only - expires 2025-02-25
Set parameter Username
Academic license - for non-commercial use only - expires 2025-02-25
Set parameter Username
Academic license - for non-commercial use only - expires 2025-02-25
Set parameter Username
Academic license - for non-commercial use only - expires 2025-02-25
Time for generating suboptimality gap matrix: 3.0322611331939697
Set parameter Username
Academic license - for non-commercial use only - expires 2025-02-25
Set parameter Username
Academic license - for non-commercial use only - expires 2025-02-25
Set parameter Username
Academic license - for non-commercial use only - expires 2025-02-25
Set parameter Username
Set parameter Username
Set parameter Username
Academic license - for non-commercial use only - expires 2025-02-25
Academic license - for non-commercial use only - expires 2025-02-25
Academic license - for non-commercial use only - expires 2025-02-25
Set parameter Username
Academic license - for non-commercial use only - expires 2025-02-25
Set parameter Username
Academic license - for non-commercial use only - expires 2025-02-25
Set parameter Username
Academic license - for non-commercial use only - expires 2025-02-25
Set parameter Username
Academic license - for non-commercial use only - expires 2025-02-25
Set parameter Username
Set parameter Username
Set parameter Username
Academic license - for non-commercial use only - expires 2025-02-25
Set parameter Username
Academic license - for non-commercial use only - expires 2025-02-25
Set parameter Username
Academic license - for non-commercial use only - expires 2025-02-25
Academic license - for non-commercial use only - expires 2025-02-25
Set parameter Username
Academic license - for non-commercial use only - expires 2025-02-25
Academic license - for non-commercial use only - expires 2025-02-25
Time for generating suboptimality gap matrix: 3.026139974594116
Sample size 256, iteration 0, B1=20, B2=200, k=10, Bagging Alg 3 & 4time: 9.69966197013855
Set parameter Username
Academic license - for non-commercial use only - expires 2025-02-25
Sample size 512, iteration 0, SAA time: 1.5291178226470947
Set parameter Username
Academic license - for non-commercial use only - expires 2025-02-25
Set parameter Username
Set parameter Username
Academic license - for non-commercial use only - expires 2025-02-25
Academic license - for non-commercial use only - expires 2025-02-25
Set parameter Username
Set parameter Username
Set parameter Username
Set parameter Username
Academic license - for non-commercial use only - expires 2025-02-25
Academic license - for non-commercial use only - expires 2025-02-25
Academic license - for non-commercial use only - expires 2025-02-25
Academic license - for non-commercial use only - expires 2025-02-25
Set parameter Username
Academic license - for non-commercial use only - expires 2025-02-25
Sample size 512, iteration 0, B=200, k=10, Bagging Alg 1 time: 2.6297991275787354
Set parameter Username
Academic license - for non-commercial use only - expires 2025-02-25
Set parameter Username
Academic license - for non-commercial use only - expires 2025-02-25
Set parameter Username
Set parameter Username
Set parameter Username
Set parameter Username
Academic license - for non-commercial use only - expires 2025-02-25
Academic license - for non-commercial use only - expires 2025-02-25
Academic license - for non-commercial use only - expires 2025-02-25
Academic license - for non-commercial use only - expires 2025-02-25
Set parameter Username
Academic license - for non-commercial use only - expires 2025-02-25
Set parameter Username
Academic license - for non-commercial use only - expires 2025-02-25
Set parameter Username
Set parameter Username
Set parameter Username
Academic license - for non-commercial use only - expires 2025-02-25
Academic license - for non-commercial use only - expires 2025-02-25
Academic license - for non-commercial use only - expires 2025-02-25
Set parameter Username
Set parameter Username
Academic license - for non-commercial use only - expires 2025-02-25
Academic license - for non-commercial use only - expires 2025-02-25
Set parameter Username
Set parameter Username
Academic license - for non-commercial use only - expires 2025-02-25
Academic license - for non-commercial use only - expires 2025-02-25
Set parameter Username
Academic license - for non-commercial use only - expires 2025-02-25
Time for generating suboptimality gap matrix: 2.9421279430389404
Set parameter Username
Set parameter Username
Academic license - for non-commercial use only - expires 2025-02-25
Academic license - for non-commercial use only - expires 2025-02-25
Set parameter Username
Set parameter Username
Set parameter Username
Academic license - for non-commercial use only - expires 2025-02-25
Academic license - for non-commercial use only - expires 2025-02-25
Set parameter Username
Academic license - for non-commercial use only - expires 2025-02-25
Set parameter Username
Academic license - for non-commercial use only - expires 2025-02-25
Set parameter Username
Academic license - for non-commercial use only - expires 2025-02-25
Academic license - for non-commercial use only - expires 2025-02-25
Set parameter Username
Academic license - for non-commercial use only - expires 2025-02-25
Set parameter Username
Set parameter Username
Academic license - for non-commercial use only - expires 2025-02-25
Academic license - for non-commercial use only - expires 2025-02-25
Set parameter Username
Academic license - for non-commercial use only - expires 2025-02-25
Set parameter Username
Set parameter Username
Academic license - for non-commercial use only - expires 2025-02-25
Academic license - for non-commercial use only - expires 2025-02-25
Set parameter Username
Academic license - for non-commercial use only - expires 2025-02-25
Set parameter Username
Academic license - for non-commercial use only - expires 2025-02-25
Time for generating suboptimality gap matrix: 3.713834047317505
Set parameter Username
Academic license - for non-commercial use only - expires 2025-02-25
Set parameter Username
Set parameter Username
Academic license - for non-commercial use only - expires 2025-02-25
Academic license - for non-commercial use only - expires 2025-02-25
Set parameter Username
Academic license - for non-commercial use only - expires 2025-02-25
Set parameter Username
Set parameter Username
Academic license - for non-commercial use only - expires 2025-02-25
Set parameter Username
Academic license - for non-commercial use only - expires 2025-02-25
Set parameter Username
Academic license - for non-commercial use only - expires 2025-02-25
Academic license - for non-commercial use only - expires 2025-02-25
Time for generating suboptimality gap matrix: 3.5935370922088623
Sample size 512, iteration 0, B1=20, B2=200, k=10, Bagging Alg 3 & 4time: 13.785672903060913
Set parameter Username
Academic license - for non-commercial use only - expires 2025-02-25
Sample size 1024, iteration 0, SAA time: 3.2617719173431396
Set parameter Username
Academic license - for non-commercial use only - expires 2025-02-25
Set parameter Username
Set parameter Username
Academic license - for non-commercial use only - expires 2025-02-25
Academic license - for non-commercial use only - expires 2025-02-25
Set parameter Username
Academic license - for non-commercial use only - expires 2025-02-25
Set parameter Username
Academic license - for non-commercial use only - expires 2025-02-25
Set parameter Username
Academic license - for non-commercial use only - expires 2025-02-25
Set parameter Username
Academic license - for non-commercial use only - expires 2025-02-25
Set parameter Username
Academic license - for non-commercial use only - expires 2025-02-25
Sample size 1024, iteration 0, B=200, k=10, Bagging Alg 1 time: 2.7541890144348145
Set parameter Username
Academic license - for non-commercial use only - expires 2025-02-25
Set parameter Username
Set parameter Username
Academic license - for non-commercial use only - expires 2025-02-25
Set parameter Username
Set parameter Username
Academic license - for non-commercial use only - expires 2025-02-25
Set parameter Username
Academic license - for non-commercial use only - expires 2025-02-25
Academic license - for non-commercial use only - expires 2025-02-25
Academic license - for non-commercial use only - expires 2025-02-25
Set parameter Username
Set parameter Username
Academic license - for non-commercial use only - expires 2025-02-25
Academic license - for non-commercial use only - expires 2025-02-25
Set parameter Username
Academic license - for non-commercial use only - expires 2025-02-25
Set parameter Username
Academic license - for non-commercial use only - expires 2025-02-25
Set parameter Username
Set parameter Username
Academic license - for non-commercial use only - expires 2025-02-25
Academic license - for non-commercial use only - expires 2025-02-25
Set parameter Username
Academic license - for non-commercial use only - expires 2025-02-25
Set parameter Username
Set parameter Username
Academic license - for non-commercial use only - expires 2025-02-25
Academic license - for non-commercial use only - expires 2025-02-25
Set parameter Username
Academic license - for non-commercial use only - expires 2025-02-25
Time for generating suboptimality gap matrix: 3.3549723625183105
Set parameter Username
Academic license - for non-commercial use only - expires 2025-02-25
Set parameter Username
Academic license - for non-commercial use only - expires 2025-02-25
Set parameter Username
Set parameter Username
Academic license - for non-commercial use only - expires 2025-02-25
Academic license - for non-commercial use only - expires 2025-02-25
Set parameter Username
Set parameter Username
Academic license - for non-commercial use only - expires 2025-02-25
Academic license - for non-commercial use only - expires 2025-02-25
Set parameter Username
Academic license - for non-commercial use only - expires 2025-02-25
Set parameter Username
Academic license - for non-commercial use only - expires 2025-02-25
Set parameter Username
Academic license - for non-commercial use only - expires 2025-02-25
Set parameter Username
Academic license - for non-commercial use only - expires 2025-02-25
Set parameter Username
Academic license - for non-commercial use only - expires 2025-02-25
Set parameter Username
Set parameter Username
Academic license - for non-commercial use only - expires 2025-02-25
Set parameter Username
Academic license - for non-commercial use only - expires 2025-02-25
Academic license - for non-commercial use only - expires 2025-02-25
Set parameter Username
Academic license - for non-commercial use only - expires 2025-02-25
Set parameter Username
Academic license - for non-commercial use only - expires 2025-02-25
Time for generating suboptimality gap matrix: 3.2859280109405518
Sample size 1024, iteration 0, B1=20, B2=200, k=10, Bagging Alg 3 & 4time: 10.379605054855347
Set parameter Username
Academic license - for non-commercial use only - expires 2025-02-25
Sample size 2048, iteration 0, SAA time: 9.117252826690674
Set parameter Username
Academic license - for non-commercial use only - expires 2025-02-25
Set parameter Username
Set parameter Username
Academic license - for non-commercial use only - expires 2025-02-25
Set parameter Username
Set parameter Username
Set parameter Username
Academic license - for non-commercial use only - expires 2025-02-25
Academic license - for non-commercial use only - expires 2025-02-25
Set parameter Username
Academic license - for non-commercial use only - expires 2025-02-25
Academic license - for non-commercial use only - expires 2025-02-25
Academic license - for non-commercial use only - expires 2025-02-25
Set parameter Username
Academic license - for non-commercial use only - expires 2025-02-25
Sample size 2048, iteration 0, B=200, k=10, Bagging Alg 1 time: 2.8023741245269775
Set parameter Username
Academic license - for non-commercial use only - expires 2025-02-25
Set parameter Username
Set parameter Username
Set parameter Username
Academic license - for non-commercial use only - expires 2025-02-25
Academic license - for non-commercial use only - expires 2025-02-25
Academic license - for non-commercial use only - expires 2025-02-25
Set parameter Username
Academic license - for non-commercial use only - expires 2025-02-25
Set parameter Username
Set parameter Username
Academic license - for non-commercial use only - expires 2025-02-25
Set parameter Username
Academic license - for non-commercial use only - expires 2025-02-25
Academic license - for non-commercial use only - expires 2025-02-25
Set parameter Username
Academic license - for non-commercial use only - expires 2025-02-25
Set parameter Username
Academic license - for non-commercial use only - expires 2025-02-25
Set parameter Username
Set parameter Username
Academic license - for non-commercial use only - expires 2025-02-25
Academic license - for non-commercial use only - expires 2025-02-25
Set parameter Username
Academic license - for non-commercial use only - expires 2025-02-25
Set parameter Username
Academic license - for non-commercial use only - expires 2025-02-25
Set parameter Username
Academic license - for non-commercial use only - expires 2025-02-25
Set parameter Username
Academic license - for non-commercial use only - expires 2025-02-25
Time for generating suboptimality gap matrix: 2.98781681060791
Set parameter Username
Set parameter Username
Academic license - for non-commercial use only - expires 2025-02-25
Academic license - for non-commercial use only - expires 2025-02-25
Set parameter Username
Academic license - for non-commercial use only - expires 2025-02-25
Set parameter Username
Set parameter Username
Academic license - for non-commercial use only - expires 2025-02-25
Academic license - for non-commercial use only - expires 2025-02-25
Set parameter Username
Set parameter Username
Academic license - for non-commercial use only - expires 2025-02-25
Academic license - for non-commercial use only - expires 2025-02-25
Set parameter Username
Academic license - for non-commercial use only - expires 2025-02-25
Set parameter Username
Set parameter Username
Academic license - for non-commercial use only - expires 2025-02-25
Set parameter Username
Academic license - for non-commercial use only - expires 2025-02-25
Set parameter Username
Academic license - for non-commercial use only - expires 2025-02-25
Academic license - for non-commercial use only - expires 2025-02-25
Set parameter Username
Set parameter Username
Academic license - for non-commercial use only - expires 2025-02-25
Academic license - for non-commercial use only - expires 2025-02-25
Set parameter Username
Set parameter Username
Academic license - for non-commercial use only - expires 2025-02-25
Academic license - for non-commercial use only - expires 2025-02-25
Time for generating suboptimality gap matrix: 2.9279401302337646
Sample size 2048, iteration 0, B1=20, B2=200, k=10, Bagging Alg 3 & 4time: 9.546396255493164
Set parameter Username
Academic license - for non-commercial use only - expires 2025-02-25
Sample size 4096, iteration 0, SAA time: 14.681754112243652
Set parameter Username
Set parameter Username
Academic license - for non-commercial use only - expires 2025-02-25
Set parameter Username
Set parameter Username
Set parameter Username
Academic license - for non-commercial use only - expires 2025-02-25
Academic license - for non-commercial use only - expires 2025-02-25
Academic license - for non-commercial use only - expires 2025-02-25
Academic license - for non-commercial use only - expires 2025-02-25
Set parameter Username
Set parameter Username
Academic license - for non-commercial use only - expires 2025-02-25
Academic license - for non-commercial use only - expires 2025-02-25
Set parameter Username
Academic license - for non-commercial use only - expires 2025-02-25
Sample size 4096, iteration 0, B=200, k=10, Bagging Alg 1 time: 2.8036608695983887
Set parameter Username
Set parameter Username
Academic license - for non-commercial use only - expires 2025-02-25
Academic license - for non-commercial use only - expires 2025-02-25
Set parameter Username
Academic license - for non-commercial use only - expires 2025-02-25
Set parameter Username
Academic license - for non-commercial use only - expires 2025-02-25
Set parameter Username
Set parameter Username
Academic license - for non-commercial use only - expires 2025-02-25
Set parameter Username
Academic license - for non-commercial use only - expires 2025-02-25
Academic license - for non-commercial use only - expires 2025-02-25
Set parameter Username
Academic license - for non-commercial use only - expires 2025-02-25
Set parameter Username
Academic license - for non-commercial use only - expires 2025-02-25
Set parameter Username
Set parameter Username
Set parameter Username
Academic license - for non-commercial use only - expires 2025-02-25
Academic license - for non-commercial use only - expires 2025-02-25
Set parameter Username
Set parameter Username
Academic license - for non-commercial use only - expires 2025-02-25
Academic license - for non-commercial use only - expires 2025-02-25
Academic license - for non-commercial use only - expires 2025-02-25
Set parameter Username
Set parameter Username
Academic license - for non-commercial use only - expires 2025-02-25
Academic license - for non-commercial use only - expires 2025-02-25
Time for generating suboptimality gap matrix: 3.019073963165283
Set parameter Username
Set parameter Username
Academic license - for non-commercial use only - expires 2025-02-25
Academic license - for non-commercial use only - expires 2025-02-25
Set parameter Username
Set parameter Username
Set parameter Username
Academic license - for non-commercial use only - expires 2025-02-25
Academic license - for non-commercial use only - expires 2025-02-25
Academic license - for non-commercial use only - expires 2025-02-25
Set parameter Username
Set parameter Username
Academic license - for non-commercial use only - expires 2025-02-25
Academic license - for non-commercial use only - expires 2025-02-25
Set parameter Username
Academic license - for non-commercial use only - expires 2025-02-25
Set parameter Username
Academic license - for non-commercial use only - expires 2025-02-25
Set parameter Username
Set parameter Username
Academic license - for non-commercial use only - expires 2025-02-25
Academic license - for non-commercial use only - expires 2025-02-25
Set parameter Username
Set parameter Username
Academic license - for non-commercial use only - expires 2025-02-25
Set parameter Username
Academic license - for non-commercial use only - expires 2025-02-25
Academic license - for non-commercial use only - expires 2025-02-25
Set parameter Username
Set parameter Username
Academic license - for non-commercial use only - expires 2025-02-25
Academic license - for non-commercial use only - expires 2025-02-25
Time for generating suboptimality gap matrix: 3.028529167175293
Sample size 4096, iteration 0, B1=20, B2=200, k=10, Bagging Alg 3 & 4time: 9.767443180084229
Set parameter Username
Academic license - for non-commercial use only - expires 2025-02-25
Sample size 8192, iteration 0, SAA time: 41.80517888069153
Set parameter Username
Academic license - for non-commercial use only - expires 2025-02-25
Set parameter Username
Set parameter Username
Academic license - for non-commercial use only - expires 2025-02-25
Academic license - for non-commercial use only - expires 2025-02-25
Set parameter Username
Set parameter Username
Academic license - for non-commercial use only - expires 2025-02-25
Academic license - for non-commercial use only - expires 2025-02-25
Set parameter Username
Set parameter Username
Academic license - for non-commercial use only - expires 2025-02-25
Academic license - for non-commercial use only - expires 2025-02-25
Set parameter Username
Academic license - for non-commercial use only - expires 2025-02-25
Sample size 8192, iteration 0, B=200, k=10, Bagging Alg 1 time: 2.523751974105835
Set parameter Username
Academic license - for non-commercial use only - expires 2025-02-25
Set parameter Username
Academic license - for non-commercial use only - expires 2025-02-25
Set parameter Username
Academic license - for non-commercial use only - expires 2025-02-25
Set parameter Username
Set parameter Username
Academic license - for non-commercial use only - expires 2025-02-25
Academic license - for non-commercial use only - expires 2025-02-25
Set parameter Username
Set parameter Username
Set parameter Username
Academic license - for non-commercial use only - expires 2025-02-25
Academic license - for non-commercial use only - expires 2025-02-25
Academic license - for non-commercial use only - expires 2025-02-25
Set parameter Username
Academic license - for non-commercial use only - expires 2025-02-25
Set parameter Username
Academic license - for non-commercial use only - expires 2025-02-25
Set parameter Username
Set parameter Username
Academic license - for non-commercial use only - expires 2025-02-25
Academic license - for non-commercial use only - expires 2025-02-25
Set parameter Username
Academic license - for non-commercial use only - expires 2025-02-25
Set parameter Username
Set parameter Username
Academic license - for non-commercial use only - expires 2025-02-25
Set parameter Username
Academic license - for non-commercial use only - expires 2025-02-25
Academic license - for non-commercial use only - expires 2025-02-25
Time for generating suboptimality gap matrix: 2.962891101837158
Set parameter Username
Academic license - for non-commercial use only - expires 2025-02-25
Set parameter Username
Set parameter Username
Academic license - for non-commercial use only - expires 2025-02-25
Academic license - for non-commercial use only - expires 2025-02-25
Set parameter Username
Academic license - for non-commercial use only - expires 2025-02-25
Set parameter Username
Set parameter Username
Academic license - for non-commercial use only - expires 2025-02-25
Set parameter Username
Set parameter Username
Academic license - for non-commercial use only - expires 2025-02-25
Academic license - for non-commercial use only - expires 2025-02-25
Academic license - for non-commercial use only - expires 2025-02-25
Set parameter Username
Academic license - for non-commercial use only - expires 2025-02-25
Set parameter Username
Academic license - for non-commercial use only - expires 2025-02-25
Set parameter Username
Set parameter Username
Set parameter Username
Set parameter Username
Academic license - for non-commercial use only - expires 2025-02-25
Academic license - for non-commercial use only - expires 2025-02-25
Set parameter Username
Academic license - for non-commercial use only - expires 2025-02-25
Academic license - for non-commercial use only - expires 2025-02-25
Academic license - for non-commercial use only - expires 2025-02-25
Set parameter Username
Academic license - for non-commercial use only - expires 2025-02-25
Time for generating suboptimality gap matrix: 3.0671229362487793
Sample size 8192, iteration 0, B1=20, B2=200, k=10, Bagging Alg 3 & 4time: 9.710464000701904
Set parameter Username
Academic license - for non-commercial use only - expires 2025-02-25
Sample size 16384, iteration 0, SAA time: 130.87007784843445
Set parameter Username
Academic license - for non-commercial use only - expires 2025-02-25
Set parameter Username
Academic license - for non-commercial use only - expires 2025-02-25
Set parameter Username
Set parameter Username
Academic license - for non-commercial use only - expires 2025-02-25
Set parameter Username
Academic license - for non-commercial use only - expires 2025-02-25
Academic license - for non-commercial use only - expires 2025-02-25
Set parameter Username
Academic license - for non-commercial use only - expires 2025-02-25
Set parameter Username
Academic license - for non-commercial use only - expires 2025-02-25
Set parameter Username
Academic license - for non-commercial use only - expires 2025-02-25
Sample size 16384, iteration 0, B=200, k=10, Bagging Alg 1 time: 2.603463888168335
Set parameter Username
Academic license - for non-commercial use only - expires 2025-02-25
Set parameter Username
Set parameter Username
Set parameter Username
Academic license - for non-commercial use only - expires 2025-02-25
Academic license - for non-commercial use only - expires 2025-02-25
Academic license - for non-commercial use only - expires 2025-02-25
Set parameter Username
Academic license - for non-commercial use only - expires 2025-02-25
Set parameter Username
Set parameter Username
Set parameter Username
Academic license - for non-commercial use only - expires 2025-02-25
Academic license - for non-commercial use only - expires 2025-02-25
Academic license - for non-commercial use only - expires 2025-02-25
Set parameter Username
Academic license - for non-commercial use only - expires 2025-02-25
Set parameter Username
Academic license - for non-commercial use only - expires 2025-02-25
Set parameter Username
Academic license - for non-commercial use only - expires 2025-02-25
Set parameter Username
Academic license - for non-commercial use only - expires 2025-02-25
Set parameter Username
Academic license - for non-commercial use only - expires 2025-02-25
Set parameter Username
Academic license - for non-commercial use only - expires 2025-02-25
Set parameter Username
Set parameter Username
Academic license - for non-commercial use only - expires 2025-02-25
Academic license - for non-commercial use only - expires 2025-02-25
Time for generating suboptimality gap matrix: 3.1299080848693848
Set parameter Username
Set parameter Username
Academic license - for non-commercial use only - expires 2025-02-25
Academic license - for non-commercial use only - expires 2025-02-25
Set parameter Username
Academic license - for non-commercial use only - expires 2025-02-25
Set parameter Username
Set parameter Username
Academic license - for non-commercial use only - expires 2025-02-25
Academic license - for non-commercial use only - expires 2025-02-25
Set parameter Username
Set parameter Username
Set parameter Username
Academic license - for non-commercial use only - expires 2025-02-25
Academic license - for non-commercial use only - expires 2025-02-25
Academic license - for non-commercial use only - expires 2025-02-25
Set parameter Username
Set parameter Username
Academic license - for non-commercial use only - expires 2025-02-25
Academic license - for non-commercial use only - expires 2025-02-25
Set parameter Username
Set parameter Username
Academic license - for non-commercial use only - expires 2025-02-25
Academic license - for non-commercial use only - expires 2025-02-25
Set parameter Username
Set parameter Username
Academic license - for non-commercial use only - expires 2025-02-25
Academic license - for non-commercial use only - expires 2025-02-25
Set parameter Username
Academic license - for non-commercial use only - expires 2025-02-25
Set parameter Username
Academic license - for non-commercial use only - expires 2025-02-25
Time for generating suboptimality gap matrix: 2.9071309566497803
Sample size 16384, iteration 0, B1=20, B2=200, k=10, Bagging Alg 3 & 4time: 9.53951096534729
Set parameter Username
Academic license - for non-commercial use only - expires 2025-02-25
Sample size 32768, iteration 0, SAA time: 480.0049810409546
Set parameter Username
Academic license - for non-commercial use only - expires 2025-02-25
Set parameter Username
Academic license - for non-commercial use only - expires 2025-02-25
Set parameter Username
Set parameter Username
Academic license - for non-commercial use only - expires 2025-02-25
Academic license - for non-commercial use only - expires 2025-02-25
Set parameter Username
Academic license - for non-commercial use only - expires 2025-02-25
Set parameter Username
Set parameter Username
Academic license - for non-commercial use only - expires 2025-02-25
Academic license - for non-commercial use only - expires 2025-02-25
Set parameter Username
Academic license - for non-commercial use only - expires 2025-02-25
Sample size 32768, iteration 0, B=200, k=10, Bagging Alg 1 time: 2.554702043533325
Set parameter Username
Academic license - for non-commercial use only - expires 2025-02-25
Set parameter Username
Academic license - for non-commercial use only - expires 2025-02-25
Set parameter Username
Set parameter Username
Set parameter Username
Academic license - for non-commercial use only - expires 2025-02-25
Set parameter Username
Academic license - for non-commercial use only - expires 2025-02-25
Academic license - for non-commercial use only - expires 2025-02-25
Set parameter Username
Academic license - for non-commercial use only - expires 2025-02-25
Academic license - for non-commercial use only - expires 2025-02-25
Set parameter Username
Academic license - for non-commercial use only - expires 2025-02-25
Set parameter Username
Academic license - for non-commercial use only - expires 2025-02-25
Set parameter Username
Academic license - for non-commercial use only - expires 2025-02-25
Set parameter Username
Set parameter Username
Academic license - for non-commercial use only - expires 2025-02-25
Academic license - for non-commercial use only - expires 2025-02-25
Set parameter Username
Academic license - for non-commercial use only - expires 2025-02-25
Set parameter Username
Academic license - for non-commercial use only - expires 2025-02-25
Set parameter Username
Academic license - for non-commercial use only - expires 2025-02-25
Set parameter Username
Academic license - for non-commercial use only - expires 2025-02-25
Time for generating suboptimality gap matrix: 3.119662046432495
Set parameter Username
Academic license - for non-commercial use only - expires 2025-02-25
Set parameter Username
Set parameter Username
Academic license - for non-commercial use only - expires 2025-02-25
Set parameter Username
Set parameter Username
Academic license - for non-commercial use only - expires 2025-02-25
Academic license - for non-commercial use only - expires 2025-02-25
Academic license - for non-commercial use only - expires 2025-02-25
Set parameter Username
Set parameter Username
Academic license - for non-commercial use only - expires 2025-02-25
Set parameter Username
Academic license - for non-commercial use only - expires 2025-02-25
Academic license - for non-commercial use only - expires 2025-02-25
Set parameter Username
Academic license - for non-commercial use only - expires 2025-02-25
Set parameter Username
Set parameter Username
Academic license - for non-commercial use only - expires 2025-02-25
Academic license - for non-commercial use only - expires 2025-02-25
Set parameter Username
Set parameter Username
Academic license - for non-commercial use only - expires 2025-02-25
Set parameter Username
Academic license - for non-commercial use only - expires 2025-02-25
Academic license - for non-commercial use only - expires 2025-02-25
Set parameter Username
Set parameter Username
Academic license - for non-commercial use only - expires 2025-02-25
Academic license - for non-commercial use only - expires 2025-02-25
Time for generating suboptimality gap matrix: 3.0886127948760986
Sample size 32768, iteration 0, B1=20, B2=200, k=10, Bagging Alg 3 & 4time: 9.895963907241821
Set parameter Username
Academic license - for non-commercial use only - expires 2025-02-25
/opt/anaconda3/envs/vm/lib/python3.9/multiprocessing/resource_tracker.py:216: UserWarning: resource_tracker: There appear to be 3 leaked semaphore objects to clean up at shutdown
  warnings.warn('resource_tracker: There appear to be %d '
