Sample size 64, iteration 0, SAA time: 1.063119888305664
Time for generating suboptimality gap matrix: 47.01437497138977
Traceback (most recent call last):
  File "/Users/howardying/Desktop/Stochastic program/experiments/code_main/LR_alg34.py", line 43, in <module>
    SAA_list, bagging_alg3_list, bagging_alg4_list = comparison_twoPhase(k_list, B12_list, epsilon, tolerance, number_of_iterations,sample_number, rng_sample, rng_alg, sample_args)
  File "/Users/howardying/Desktop/Stochastic program/experiments/code_main/utils/LR_functions.py", line 50, in comparison_twoPhase
    bagging_alg4, _, _, _ = baggingTwoPhase_wSplit_LP(sample_n, B1, B2, k, epsilon, tolerance, solve_LR, get_sample_based_loss_wSol, rng_alg, k2 = k2)
  File "/Users/howardying/Desktop/Stochastic program/experiments/code_main/ParallelSolve.py", line 276, in baggingTwoPhase_wSplit_LP
    _, retrieved_solutions = majority_vote_LP(sample_n1, B1, k, opt_func, rng, *prob_args)
  File "/Users/howardying/Desktop/Stochastic program/experiments/code_main/ParallelSolve.py", line 220, in majority_vote_LP
    sampleLists[processIndex].append(sample_n[rng.choice(sample_n.shape[0], k, replace=False)])
  File "numpy/random/_generator.pyx", line 853, in numpy.random._generator.Generator.choice
ValueError: Cannot take a larger sample than population when replace is False
Sample size 128, iteration 0, SAA time: 1.1695911884307861
Time for generating suboptimality gap matrix: 38.98869299888611
Time for generating suboptimality gap matrix: 35.97996711730957
Time for generating suboptimality gap matrix: 50.601731061935425
Sample size 128, iteration 0, B1=20, B2=200, k=50, k2 = None, Bagging Alg 3 & 4time: 143.1732738018036 adaptive epsilon: 15680.0
Sample size 128, iteration 1, SAA time: 1.1152408123016357
Time for generating suboptimality gap matrix: 47.04230618476868
Time for generating suboptimality gap matrix: 44.802587032318115
Time for generating suboptimality gap matrix: 45.19179010391235
Sample size 128, iteration 1, B1=20, B2=200, k=50, k2 = None, Bagging Alg 3 & 4time: 150.75181007385254 adaptive epsilon: 15464.0
Sample size 128, iteration 2, SAA time: 1.0026330947875977
Time for generating suboptimality gap matrix: 47.009405851364136
Time for generating suboptimality gap matrix: 42.92185378074646
Time for generating suboptimality gap matrix: 45.08292603492737
Sample size 128, iteration 2, B1=20, B2=200, k=50, k2 = None, Bagging Alg 3 & 4time: 149.60809993743896 adaptive epsilon: 13208.0
Sample size 128, iteration 3, SAA time: 0.9935529232025146
Time for generating suboptimality gap matrix: 52.237699031829834
Time for generating suboptimality gap matrix: 42.35357117652893
Time for generating suboptimality gap matrix: 45.559378147125244
Sample size 128, iteration 3, B1=20, B2=200, k=50, k2 = None, Bagging Alg 3 & 4time: 156.93865609169006 adaptive epsilon: 14288.0
Sample size 128, iteration 4, SAA time: 1.9971132278442383
Time for generating suboptimality gap matrix: 41.300071001052856
Time for generating suboptimality gap matrix: 45.758500814437866
Time for generating suboptimality gap matrix: 42.15066599845886
Sample size 128, iteration 4, B1=20, B2=200, k=50, k2 = None, Bagging Alg 3 & 4time: 143.94198894500732 adaptive epsilon: 0
Sample size 128, iteration 5, SAA time: 1.2007009983062744
Time for generating suboptimality gap matrix: 45.181859254837036
Time for generating suboptimality gap matrix: 48.86438822746277
Time for generating suboptimality gap matrix: 40.87253284454346
Sample size 128, iteration 5, B1=20, B2=200, k=50, k2 = None, Bagging Alg 3 & 4time: 147.77073311805725 adaptive epsilon: 22904.0
Sample size 128, iteration 6, SAA time: 1.2230510711669922
Time for generating suboptimality gap matrix: 38.117565870285034
Time for generating suboptimality gap matrix: 43.22745609283447
Time for generating suboptimality gap matrix: 43.04515075683594
Sample size 128, iteration 6, B1=20, B2=200, k=50, k2 = None, Bagging Alg 3 & 4time: 139.70916485786438 adaptive epsilon: 13240.0
Sample size 128, iteration 7, SAA time: 1.1700990200042725
Time for generating suboptimality gap matrix: 46.521345138549805
Time for generating suboptimality gap matrix: 43.27989411354065
Time for generating suboptimality gap matrix: 49.14236903190613
Sample size 128, iteration 7, B1=20, B2=200, k=50, k2 = None, Bagging Alg 3 & 4time: 152.71954679489136 adaptive epsilon: 0
Sample size 128, iteration 8, SAA time: 0.8107330799102783
Time for generating suboptimality gap matrix: 37.740598917007446
Time for generating suboptimality gap matrix: 51.348021030426025
Time for generating suboptimality gap matrix: 45.24781394004822
Sample size 128, iteration 8, B1=20, B2=200, k=50, k2 = None, Bagging Alg 3 & 4time: 148.0847668647766 adaptive epsilon: 15528.0
Sample size 128, iteration 9, SAA time: 0.8118801116943359
Time for generating suboptimality gap matrix: 45.44980001449585
Time for generating suboptimality gap matrix: 37.398091077804565
Time for generating suboptimality gap matrix: 49.2406370639801
Sample size 128, iteration 9, B1=20, B2=200, k=50, k2 = None, Bagging Alg 3 & 4time: 145.74436902999878 adaptive epsilon: 8040.0
Sample size 128, iteration 10, SAA time: 0.9697811603546143
Time for generating suboptimality gap matrix: 45.54388976097107
Time for generating suboptimality gap matrix: 44.50881886482239
Time for generating suboptimality gap matrix: 48.75339078903198
Sample size 128, iteration 10, B1=20, B2=200, k=50, k2 = None, Bagging Alg 3 & 4time: 152.131502866745 adaptive epsilon: 5448.0
Sample size 128, iteration 11, SAA time: 0.9582180976867676
Time for generating suboptimality gap matrix: 44.61386227607727
Time for generating suboptimality gap matrix: 45.51116585731506
Time for generating suboptimality gap matrix: 54.44218182563782
Sample size 128, iteration 11, B1=20, B2=200, k=50, k2 = None, Bagging Alg 3 & 4time: 157.46608304977417 adaptive epsilon: 33624.0
Sample size 128, iteration 12, SAA time: 1.1253349781036377
Time for generating suboptimality gap matrix: 49.307124853134155
Time for generating suboptimality gap matrix: 49.664413928985596
Time for generating suboptimality gap matrix: 47.19011402130127
Sample size 128, iteration 12, B1=20, B2=200, k=50, k2 = None, Bagging Alg 3 & 4time: 161.25292587280273 adaptive epsilon: 5376.0
Sample size 128, iteration 13, SAA time: 0.8168559074401855
Time for generating suboptimality gap matrix: 57.475167989730835
Time for generating suboptimality gap matrix: 65.38339924812317
Time for generating suboptimality gap matrix: 55.49882793426514
Sample size 128, iteration 13, B1=20, B2=200, k=50, k2 = None, Bagging Alg 3 & 4time: 210.45864605903625 adaptive epsilon: 30448.0
Sample size 128, iteration 14, SAA time: 1.763787031173706
Time for generating suboptimality gap matrix: 61.2981538772583
Time for generating suboptimality gap matrix: 55.674686908721924
Time for generating suboptimality gap matrix: 59.29817795753479
Sample size 128, iteration 14, B1=20, B2=200, k=50, k2 = None, Bagging Alg 3 & 4time: 188.65136814117432 adaptive epsilon: 0
Sample size 128, iteration 15, SAA time: 0.820277214050293
Time for generating suboptimality gap matrix: 53.46243596076965
Time for generating suboptimality gap matrix: 69.0793993473053
Time for generating suboptimality gap matrix: 59.284891843795776
Sample size 128, iteration 15, B1=20, B2=200, k=50, k2 = None, Bagging Alg 3 & 4time: 194.33692502975464 adaptive epsilon: 10008.0
Sample size 128, iteration 16, SAA time: 0.8546476364135742
Time for generating suboptimality gap matrix: 50.03225493431091
Time for generating suboptimality gap matrix: 50.090779066085815
Time for generating suboptimality gap matrix: 57.05706071853638
Sample size 128, iteration 16, B1=20, B2=200, k=50, k2 = None, Bagging Alg 3 & 4time: 169.28774404525757 adaptive epsilon: 2328.0
Sample size 128, iteration 17, SAA time: 1.139496088027954
Time for generating suboptimality gap matrix: 44.86828279495239
Time for generating suboptimality gap matrix: 49.958794832229614
Time for generating suboptimality gap matrix: 49.903695821762085
Sample size 128, iteration 17, B1=20, B2=200, k=50, k2 = None, Bagging Alg 3 & 4time: 158.0169529914856 adaptive epsilon: 0
Sample size 128, iteration 18, SAA time: 1.453221082687378
Time for generating suboptimality gap matrix: 62.15158033370972
Time for generating suboptimality gap matrix: 62.052430152893066
Time for generating suboptimality gap matrix: 52.353716135025024
Sample size 128, iteration 18, B1=20, B2=200, k=50, k2 = None, Bagging Alg 3 & 4time: 188.49696397781372 adaptive epsilon: 20856.0
Sample size 128, iteration 19, SAA time: 0.9558520317077637
Time for generating suboptimality gap matrix: 45.46759080886841
Time for generating suboptimality gap matrix: 58.00662899017334
Time for generating suboptimality gap matrix: 63.07892894744873
Sample size 128, iteration 19, B1=20, B2=200, k=50, k2 = None, Bagging Alg 3 & 4time: 179.09405708312988 adaptive epsilon: 0
Sample size 128, iteration 20, SAA time: 1.189823865890503
Time for generating suboptimality gap matrix: 55.97338581085205
Time for generating suboptimality gap matrix: 47.97551488876343
Time for generating suboptimality gap matrix: 46.98737692832947
Sample size 128, iteration 20, B1=20, B2=200, k=50, k2 = None, Bagging Alg 3 & 4time: 191.2115352153778 adaptive epsilon: 15776.0
Sample size 128, iteration 21, SAA time: 1.1284000873565674
Time for generating suboptimality gap matrix: 34.316336154937744
Time for generating suboptimality gap matrix: 45.32525014877319
Time for generating suboptimality gap matrix: 47.752049922943115
Sample size 128, iteration 21, B1=20, B2=200, k=50, k2 = None, Bagging Alg 3 & 4time: 157.38486695289612 adaptive epsilon: 10640.0
Sample size 128, iteration 22, SAA time: 1.7451000213623047
Time for generating suboptimality gap matrix: 42.16475701332092
Time for generating suboptimality gap matrix: 54.230128049850464
Time for generating suboptimality gap matrix: 49.53350210189819
Sample size 128, iteration 22, B1=20, B2=200, k=50, k2 = None, Bagging Alg 3 & 4time: 157.84010410308838 adaptive epsilon: 8848.0
Sample size 128, iteration 23, SAA time: 1.0249781608581543
Time for generating suboptimality gap matrix: 48.42221808433533
Time for generating suboptimality gap matrix: 60.61310124397278
Time for generating suboptimality gap matrix: 47.86880397796631
Sample size 128, iteration 23, B1=20, B2=200, k=50, k2 = None, Bagging Alg 3 & 4time: 170.57146191596985 adaptive epsilon: 10008.0
Sample size 128, iteration 24, SAA time: 1.154839038848877
Time for generating suboptimality gap matrix: 61.31363296508789
Time for generating suboptimality gap matrix: 52.39862394332886
Time for generating suboptimality gap matrix: 53.90021085739136
Sample size 128, iteration 24, B1=20, B2=200, k=50, k2 = None, Bagging Alg 3 & 4time: 181.6637589931488 adaptive epsilon: 24552.0
Sample size 128, iteration 25, SAA time: 1.2372212409973145
Time for generating suboptimality gap matrix: 47.46195983886719
Time for generating suboptimality gap matrix: 48.646302938461304
Time for generating suboptimality gap matrix: 51.24062705039978
Sample size 128, iteration 25, B1=20, B2=200, k=50, k2 = None, Bagging Alg 3 & 4time: 160.8337106704712 adaptive epsilon: 0
Sample size 128, iteration 26, SAA time: 0.9123711585998535
Time for generating suboptimality gap matrix: 44.79485368728638
Time for generating suboptimality gap matrix: 53.053410053253174
Time for generating suboptimality gap matrix: 48.00982594490051
Sample size 128, iteration 26, B1=20, B2=200, k=50, k2 = None, Bagging Alg 3 & 4time: 158.91810584068298 adaptive epsilon: 0
Sample size 128, iteration 27, SAA time: 0.9562430381774902
Time for generating suboptimality gap matrix: 39.640620946884155
Time for generating suboptimality gap matrix: 43.19263315200806
Time for generating suboptimality gap matrix: 40.49801301956177
Sample size 128, iteration 27, B1=20, B2=200, k=50, k2 = None, Bagging Alg 3 & 4time: 142.8329689502716 adaptive epsilon: 6616.0
Sample size 128, iteration 28, SAA time: 0.9871511459350586
Time for generating suboptimality gap matrix: 36.995153188705444
Time for generating suboptimality gap matrix: 48.54374098777771
Time for generating suboptimality gap matrix: 63.474167823791504
Sample size 128, iteration 28, B1=20, B2=200, k=50, k2 = None, Bagging Alg 3 & 4time: 162.81548023223877 adaptive epsilon: 10784.0
Sample size 128, iteration 29, SAA time: 1.6907680034637451
Time for generating suboptimality gap matrix: 57.55368614196777
Time for generating suboptimality gap matrix: 59.24639892578125
Time for generating suboptimality gap matrix: 57.651124000549316
Sample size 128, iteration 29, B1=20, B2=200, k=50, k2 = None, Bagging Alg 3 & 4time: 211.5654010772705 adaptive epsilon: 0
Sample size 256, iteration 0, SAA time: 0.9285781383514404
Time for generating suboptimality gap matrix: 51.73218894004822
Time for generating suboptimality gap matrix: 45.15082907676697
Time for generating suboptimality gap matrix: 54.96897625923157
Sample size 256, iteration 0, B1=20, B2=200, k=50, k2 = None, Bagging Alg 3 & 4time: 164.15826034545898 adaptive epsilon: 12400.0
Sample size 256, iteration 1, SAA time: 2.032914161682129
Time for generating suboptimality gap matrix: 56.718098163604736
Time for generating suboptimality gap matrix: 57.52578091621399
Time for generating suboptimality gap matrix: 55.73030972480774
Sample size 256, iteration 1, B1=20, B2=200, k=50, k2 = None, Bagging Alg 3 & 4time: 182.35663390159607 adaptive epsilon: 0
Sample size 256, iteration 2, SAA time: 0.9048750400543213
Time for generating suboptimality gap matrix: 48.527076959609985
Time for generating suboptimality gap matrix: 59.121323108673096
Time for generating suboptimality gap matrix: 59.1928608417511
Sample size 256, iteration 2, B1=20, B2=200, k=50, k2 = None, Bagging Alg 3 & 4time: 180.25285410881042 adaptive epsilon: 14792.0
Sample size 256, iteration 3, SAA time: 0.9319829940795898
Time for generating suboptimality gap matrix: 56.79815173149109
Time for generating suboptimality gap matrix: 54.2717080116272
Time for generating suboptimality gap matrix: 57.721303939819336
Sample size 256, iteration 3, B1=20, B2=200, k=50, k2 = None, Bagging Alg 3 & 4time: 181.54157304763794 adaptive epsilon: 10856.0
Sample size 256, iteration 4, SAA time: 0.8827428817749023
Time for generating suboptimality gap matrix: 51.86320781707764
Time for generating suboptimality gap matrix: 55.935827016830444
Time for generating suboptimality gap matrix: 57.76910591125488
Sample size 256, iteration 4, B1=20, B2=200, k=50, k2 = None, Bagging Alg 3 & 4time: 178.04541397094727 adaptive epsilon: 24024.0
Sample size 256, iteration 5, SAA time: 1.1927220821380615
Time for generating suboptimality gap matrix: 58.80327081680298
Time for generating suboptimality gap matrix: 56.221657037734985
Time for generating suboptimality gap matrix: 49.94259691238403
Sample size 256, iteration 5, B1=20, B2=200, k=50, k2 = None, Bagging Alg 3 & 4time: 177.20843696594238 adaptive epsilon: 9608.0
Sample size 256, iteration 6, SAA time: 0.9475879669189453
Time for generating suboptimality gap matrix: 50.7248170375824
Time for generating suboptimality gap matrix: 49.892500162124634
Time for generating suboptimality gap matrix: 55.212862968444824
Sample size 256, iteration 6, B1=20, B2=200, k=50, k2 = None, Bagging Alg 3 & 4time: 168.53841185569763 adaptive epsilon: 26856.0
Sample size 256, iteration 7, SAA time: 1.0121419429779053
Time for generating suboptimality gap matrix: 56.700488805770874
Time for generating suboptimality gap matrix: 53.11399173736572
Time for generating suboptimality gap matrix: 48.96020197868347
Sample size 256, iteration 7, B1=20, B2=200, k=50, k2 = None, Bagging Alg 3 & 4time: 171.57805371284485 adaptive epsilon: 2616.0
Sample size 256, iteration 8, SAA time: 1.0924947261810303
Time for generating suboptimality gap matrix: 57.66928219795227
Time for generating suboptimality gap matrix: 57.09518384933472
Time for generating suboptimality gap matrix: 55.240342140197754
Sample size 256, iteration 8, B1=20, B2=200, k=50, k2 = None, Bagging Alg 3 & 4time: 182.2198257446289 adaptive epsilon: 16104.0
Sample size 256, iteration 9, SAA time: 0.8652999401092529
Time for generating suboptimality gap matrix: 45.73244524002075
Time for generating suboptimality gap matrix: 56.03825521469116
Time for generating suboptimality gap matrix: 53.99728274345398
Sample size 256, iteration 9, B1=20, B2=200, k=50, k2 = None, Bagging Alg 3 & 4time: 191.78744292259216 adaptive epsilon: 23928.0
Sample size 256, iteration 10, SAA time: 0.9157199859619141
Time for generating suboptimality gap matrix: 57.905198097229004
Time for generating suboptimality gap matrix: 49.20109009742737
Time for generating suboptimality gap matrix: 57.022488832473755
Sample size 256, iteration 10, B1=20, B2=200, k=50, k2 = None, Bagging Alg 3 & 4time: 177.13605093955994 adaptive epsilon: 32640.0
Sample size 256, iteration 11, SAA time: 2.5452888011932373
Time for generating suboptimality gap matrix: 57.42619800567627
Time for generating suboptimality gap matrix: 50.86520719528198
Time for generating suboptimality gap matrix: 56.200669050216675
Sample size 256, iteration 11, B1=20, B2=200, k=50, k2 = None, Bagging Alg 3 & 4time: 177.37035202980042 adaptive epsilon: 6336.0
Sample size 256, iteration 12, SAA time: 1.1319148540496826
Time for generating suboptimality gap matrix: 58.96260976791382
Time for generating suboptimality gap matrix: 51.24978733062744
Time for generating suboptimality gap matrix: 56.54325079917908
Sample size 256, iteration 12, B1=20, B2=200, k=50, k2 = None, Bagging Alg 3 & 4time: 180.14203214645386 adaptive epsilon: 8848.0
Sample size 256, iteration 13, SAA time: 1.057548999786377
Time for generating suboptimality gap matrix: 55.81920003890991
Time for generating suboptimality gap matrix: 50.008349895477295
Time for generating suboptimality gap matrix: 43.41207003593445
Sample size 256, iteration 13, B1=20, B2=200, k=50, k2 = None, Bagging Alg 3 & 4time: 162.93364095687866 adaptive epsilon: 0
Sample size 256, iteration 14, SAA time: 1.0445539951324463
Time for generating suboptimality gap matrix: 55.822463035583496
Time for generating suboptimality gap matrix: 49.88569498062134
Time for generating suboptimality gap matrix: 51.00733685493469
Sample size 256, iteration 14, B1=20, B2=200, k=50, k2 = None, Bagging Alg 3 & 4time: 169.98867917060852 adaptive epsilon: 20224.0
Sample size 256, iteration 15, SAA time: 0.9489569664001465
Time for generating suboptimality gap matrix: 58.128618001937866
Time for generating suboptimality gap matrix: 51.77063274383545
Time for generating suboptimality gap matrix: 60.54937505722046
Sample size 256, iteration 15, B1=20, B2=200, k=50, k2 = None, Bagging Alg 3 & 4time: 191.46578192710876 adaptive epsilon: 15224.0
Sample size 256, iteration 16, SAA time: 1.8640491962432861
Time for generating suboptimality gap matrix: 57.28963303565979
Time for generating suboptimality gap matrix: 49.926531076431274
Time for generating suboptimality gap matrix: 48.77265691757202
Sample size 256, iteration 16, B1=20, B2=200, k=50, k2 = None, Bagging Alg 3 & 4time: 169.34246826171875 adaptive epsilon: 9560.0
Sample size 256, iteration 17, SAA time: 1.050199031829834
Time for generating suboptimality gap matrix: 51.19818711280823
Time for generating suboptimality gap matrix: 48.387625217437744
Time for generating suboptimality gap matrix: 58.71945595741272
Sample size 256, iteration 17, B1=20, B2=200, k=50, k2 = None, Bagging Alg 3 & 4time: 177.1388132572174 adaptive epsilon: 21368.0
Sample size 256, iteration 18, SAA time: 1.4157991409301758
Time for generating suboptimality gap matrix: 51.33589696884155
Time for generating suboptimality gap matrix: 57.229373931884766
Time for generating suboptimality gap matrix: 61.743568897247314
Sample size 256, iteration 18, B1=20, B2=200, k=50, k2 = None, Bagging Alg 3 & 4time: 184.75615286827087 adaptive epsilon: 0
Sample size 256, iteration 19, SAA time: 1.9729228019714355
Time for generating suboptimality gap matrix: 56.673222064971924
Time for generating suboptimality gap matrix: 51.33515810966492
Time for generating suboptimality gap matrix: 57.287343978881836
Sample size 256, iteration 19, B1=20, B2=200, k=50, k2 = None, Bagging Alg 3 & 4time: 179.36318111419678 adaptive epsilon: 0
Sample size 256, iteration 20, SAA time: 1.9337120056152344
Time for generating suboptimality gap matrix: 51.26190495491028
Time for generating suboptimality gap matrix: 56.4901659488678
Time for generating suboptimality gap matrix: 57.68285298347473
Sample size 256, iteration 20, B1=20, B2=200, k=50, k2 = None, Bagging Alg 3 & 4time: 185.29882788658142 adaptive epsilon: 27968.0
Sample size 256, iteration 21, SAA time: 0.9088451862335205
Time for generating suboptimality gap matrix: 55.85495924949646
Time for generating suboptimality gap matrix: 52.56283903121948
Time for generating suboptimality gap matrix: 55.93896818161011
Sample size 256, iteration 21, B1=20, B2=200, k=50, k2 = None, Bagging Alg 3 & 4time: 177.93480491638184 adaptive epsilon: 0
Sample size 256, iteration 22, SAA time: 1.1526179313659668
Time for generating suboptimality gap matrix: 56.51371097564697
Time for generating suboptimality gap matrix: 50.197681188583374
Time for generating suboptimality gap matrix: 57.21743106842041
Sample size 256, iteration 22, B1=20, B2=200, k=50, k2 = None, Bagging Alg 3 & 4time: 176.99031925201416 adaptive epsilon: 1992.0
Sample size 256, iteration 23, SAA time: 0.9337179660797119
Time for generating suboptimality gap matrix: 56.063547134399414
Time for generating suboptimality gap matrix: 56.59785604476929
Time for generating suboptimality gap matrix: 56.62460207939148
Sample size 256, iteration 23, B1=20, B2=200, k=50, k2 = None, Bagging Alg 3 & 4time: 182.54997491836548 adaptive epsilon: 0
Sample size 256, iteration 24, SAA time: 1.1334798336029053
Time for generating suboptimality gap matrix: 51.65199685096741
Time for generating suboptimality gap matrix: 58.23287391662598
Time for generating suboptimality gap matrix: 51.147443771362305
Sample size 256, iteration 24, B1=20, B2=200, k=50, k2 = None, Bagging Alg 3 & 4time: 173.77330493927002 adaptive epsilon: 16256.0
Sample size 256, iteration 25, SAA time: 0.9004712104797363
Time for generating suboptimality gap matrix: 55.86891293525696
Time for generating suboptimality gap matrix: 56.88323998451233
Time for generating suboptimality gap matrix: 44.60721683502197
Sample size 256, iteration 25, B1=20, B2=200, k=50, k2 = None, Bagging Alg 3 & 4time: 170.3361783027649 adaptive epsilon: 25432.0
Sample size 256, iteration 26, SAA time: 0.9276158809661865
Time for generating suboptimality gap matrix: 56.24872088432312
Time for generating suboptimality gap matrix: 50.31320405006409
Time for generating suboptimality gap matrix: 57.49498414993286
Sample size 256, iteration 26, B1=20, B2=200, k=50, k2 = None, Bagging Alg 3 & 4time: 209.9302909374237 adaptive epsilon: 15808.0
Sample size 256, iteration 27, SAA time: 0.9571619033813477
Time for generating suboptimality gap matrix: 54.03954195976257
Time for generating suboptimality gap matrix: 54.046897888183594
Time for generating suboptimality gap matrix: 56.68838930130005
Sample size 256, iteration 27, B1=20, B2=200, k=50, k2 = None, Bagging Alg 3 & 4time: 177.92129778862 adaptive epsilon: 18312.0
Sample size 256, iteration 28, SAA time: 1.068547248840332
Time for generating suboptimality gap matrix: 58.379966259002686
Time for generating suboptimality gap matrix: 58.00177192687988
Time for generating suboptimality gap matrix: 52.44637608528137
Sample size 256, iteration 28, B1=20, B2=200, k=50, k2 = None, Bagging Alg 3 & 4time: 181.37694215774536 adaptive epsilon: 25208.0
Sample size 256, iteration 29, SAA time: 1.016585111618042
Time for generating suboptimality gap matrix: 56.28079795837402
Time for generating suboptimality gap matrix: 56.46905326843262
Time for generating suboptimality gap matrix: 45.042548179626465
Sample size 256, iteration 29, B1=20, B2=200, k=50, k2 = None, Bagging Alg 3 & 4time: 170.1294231414795 adaptive epsilon: 17632.0
Sample size 512, iteration 0, SAA time: 1.0406479835510254
Time for generating suboptimality gap matrix: 57.55699300765991
Time for generating suboptimality gap matrix: 57.19114804267883
Time for generating suboptimality gap matrix: 49.737298011779785
Sample size 512, iteration 0, B1=20, B2=200, k=50, k2 = None, Bagging Alg 3 & 4time: 176.9046540260315 adaptive epsilon: 0
Sample size 512, iteration 1, SAA time: 1.3460791110992432
Time for generating suboptimality gap matrix: 54.59830284118652
Time for generating suboptimality gap matrix: 49.9433012008667
Time for generating suboptimality gap matrix: 55.78591012954712
Sample size 512, iteration 1, B1=20, B2=200, k=50, k2 = None, Bagging Alg 3 & 4time: 172.4653959274292 adaptive epsilon: 6688.0
Sample size 512, iteration 2, SAA time: 1.3850810527801514
Time for generating suboptimality gap matrix: 55.44429016113281
Time for generating suboptimality gap matrix: 56.57968211174011
Time for generating suboptimality gap matrix: 56.66057014465332
Sample size 512, iteration 2, B1=20, B2=200, k=50, k2 = None, Bagging Alg 3 & 4time: 181.1534469127655 adaptive epsilon: 10984.0
Sample size 512, iteration 3, SAA time: 1.0518829822540283
Time for generating suboptimality gap matrix: 51.52832007408142
Time for generating suboptimality gap matrix: 48.72763395309448
Time for generating suboptimality gap matrix: 60.111817359924316
Sample size 512, iteration 3, B1=20, B2=200, k=50, k2 = None, Bagging Alg 3 & 4time: 172.82452201843262 adaptive epsilon: 16904.0
Sample size 512, iteration 4, SAA time: 2.393775224685669
Time for generating suboptimality gap matrix: 57.7965521812439
Time for generating suboptimality gap matrix: 50.29557800292969
Time for generating suboptimality gap matrix: 52.73017120361328
Sample size 512, iteration 4, B1=20, B2=200, k=50, k2 = None, Bagging Alg 3 & 4time: 174.01354718208313 adaptive epsilon: 0
Sample size 512, iteration 5, SAA time: 1.0720710754394531
Time for generating suboptimality gap matrix: 53.97930192947388
Time for generating suboptimality gap matrix: 54.317715883255005
Time for generating suboptimality gap matrix: 59.61018705368042
Sample size 512, iteration 5, B1=20, B2=200, k=50, k2 = None, Bagging Alg 3 & 4time: 180.0289330482483 adaptive epsilon: 3920.0
Sample size 512, iteration 6, SAA time: 2.171867847442627
Time for generating suboptimality gap matrix: 55.17070126533508
Time for generating suboptimality gap matrix: 50.23207473754883
Time for generating suboptimality gap matrix: 60.895888805389404
Sample size 512, iteration 6, B1=20, B2=200, k=50, k2 = None, Bagging Alg 3 & 4time: 179.00174117088318 adaptive epsilon: 0
Sample size 512, iteration 7, SAA time: 1.9048371315002441
Time for generating suboptimality gap matrix: 57.70665717124939
Time for generating suboptimality gap matrix: 50.3680419921875
Time for generating suboptimality gap matrix: 58.78278088569641
Sample size 512, iteration 7, B1=20, B2=200, k=50, k2 = None, Bagging Alg 3 & 4time: 179.3788869380951 adaptive epsilon: 2672.0
Sample size 512, iteration 8, SAA time: 1.7906150817871094
Time for generating suboptimality gap matrix: 47.63617992401123
Time for generating suboptimality gap matrix: 61.26389193534851
Time for generating suboptimality gap matrix: 58.71517586708069
Sample size 512, iteration 8, B1=20, B2=200, k=50, k2 = None, Bagging Alg 3 & 4time: 201.5978901386261 adaptive epsilon: 6848.0
Sample size 512, iteration 9, SAA time: 1.2034990787506104
Time for generating suboptimality gap matrix: 56.2015700340271
Time for generating suboptimality gap matrix: 57.73127603530884
Time for generating suboptimality gap matrix: 50.756591796875
Sample size 512, iteration 9, B1=20, B2=200, k=50, k2 = None, Bagging Alg 3 & 4time: 177.32372903823853 adaptive epsilon: 12688.0
Sample size 512, iteration 10, SAA time: 1.3708369731903076
Time for generating suboptimality gap matrix: 50.76703476905823
Time for generating suboptimality gap matrix: 50.057623863220215
Time for generating suboptimality gap matrix: 54.656705141067505
Sample size 512, iteration 10, B1=20, B2=200, k=50, k2 = None, Bagging Alg 3 & 4time: 174.60781598091125 adaptive epsilon: 9056.0
Sample size 512, iteration 11, SAA time: 1.91109299659729
Time for generating suboptimality gap matrix: 55.966931104660034
Time for generating suboptimality gap matrix: 52.60188913345337
Time for generating suboptimality gap matrix: 57.60509204864502
Sample size 512, iteration 11, B1=20, B2=200, k=50, k2 = None, Bagging Alg 3 & 4time: 179.47062397003174 adaptive epsilon: 4728.0
Sample size 512, iteration 12, SAA time: 1.0956909656524658
Time for generating suboptimality gap matrix: 50.24748921394348
Time for generating suboptimality gap matrix: 51.411396741867065
Time for generating suboptimality gap matrix: 57.12318515777588
Sample size 512, iteration 12, B1=20, B2=200, k=50, k2 = None, Bagging Alg 3 & 4time: 171.03078699111938 adaptive epsilon: 11464.0
Sample size 512, iteration 13, SAA time: 1.1327359676361084
Time for generating suboptimality gap matrix: 51.144588232040405
Time for generating suboptimality gap matrix: 50.92235708236694
Time for generating suboptimality gap matrix: 50.58301019668579
Sample size 512, iteration 13, B1=20, B2=200, k=50, k2 = None, Bagging Alg 3 & 4time: 164.6916160583496 adaptive epsilon: 7824.0
Sample size 512, iteration 14, SAA time: 2.8265910148620605
Time for generating suboptimality gap matrix: 49.25155520439148
Time for generating suboptimality gap matrix: 48.819812059402466
Time for generating suboptimality gap matrix: 60.58126902580261
Sample size 512, iteration 14, B1=20, B2=200, k=50, k2 = None, Bagging Alg 3 & 4time: 178.30808210372925 adaptive epsilon: 3056.0
Sample size 512, iteration 15, SAA time: 2.1407389640808105
Time for generating suboptimality gap matrix: 56.92672395706177
Time for generating suboptimality gap matrix: 50.633578062057495
Time for generating suboptimality gap matrix: 59.697314977645874
Sample size 512, iteration 15, B1=20, B2=200, k=50, k2 = None, Bagging Alg 3 & 4time: 179.51537823677063 adaptive epsilon: 6944.0
Sample size 512, iteration 16, SAA time: 1.9752721786499023
Time for generating suboptimality gap matrix: 50.8373007774353
Time for generating suboptimality gap matrix: 55.76960587501526
Time for generating suboptimality gap matrix: 54.95134687423706
Sample size 512, iteration 16, B1=20, B2=200, k=50, k2 = None, Bagging Alg 3 & 4time: 199.43491291999817 adaptive epsilon: 24512.0
Sample size 512, iteration 17, SAA time: 1.0741767883300781
Time for generating suboptimality gap matrix: 52.29520893096924
Time for generating suboptimality gap matrix: 54.04602003097534
Time for generating suboptimality gap matrix: 51.012839794158936
Sample size 512, iteration 17, B1=20, B2=200, k=50, k2 = None, Bagging Alg 3 & 4time: 169.48311805725098 adaptive epsilon: 6064.0
Sample size 512, iteration 18, SAA time: 1.0730338096618652
Time for generating suboptimality gap matrix: 53.64487886428833
Time for generating suboptimality gap matrix: 57.18219804763794
Time for generating suboptimality gap matrix: 58.08711504936218
Sample size 512, iteration 18, B1=20, B2=200, k=50, k2 = None, Bagging Alg 3 & 4time: 181.39030599594116 adaptive epsilon: 3088.0
Sample size 512, iteration 19, SAA time: 1.051847219467163
Time for generating suboptimality gap matrix: 50.03834104537964
Time for generating suboptimality gap matrix: 55.70266509056091
Time for generating suboptimality gap matrix: 50.47596979141235
Sample size 512, iteration 19, B1=20, B2=200, k=50, k2 = None, Bagging Alg 3 & 4time: 168.71340894699097 adaptive epsilon: 16920.0
Sample size 512, iteration 20, SAA time: 1.1400809288024902
Time for generating suboptimality gap matrix: 57.93981313705444
Time for generating suboptimality gap matrix: 56.043426752090454
Time for generating suboptimality gap matrix: 51.567713022232056
Sample size 512, iteration 20, B1=20, B2=200, k=50, k2 = None, Bagging Alg 3 & 4time: 177.7709481716156 adaptive epsilon: 0
Sample size 512, iteration 21, SAA time: 2.1643271446228027
Time for generating suboptimality gap matrix: 57.610461950302124
Time for generating suboptimality gap matrix: 56.72615671157837
Time for generating suboptimality gap matrix: 56.28799796104431
Sample size 512, iteration 21, B1=20, B2=200, k=50, k2 = None, Bagging Alg 3 & 4time: 183.72718214988708 adaptive epsilon: 0
Sample size 512, iteration 22, SAA time: 1.1020891666412354
Time for generating suboptimality gap matrix: 55.70299482345581
Time for generating suboptimality gap matrix: 55.58107900619507
Time for generating suboptimality gap matrix: 51.91824293136597
Sample size 512, iteration 22, B1=20, B2=200, k=50, k2 = None, Bagging Alg 3 & 4time: 175.53047394752502 adaptive epsilon: 40.0
Sample size 512, iteration 23, SAA time: 1.0929911136627197
Time for generating suboptimality gap matrix: 56.807066917419434
Time for generating suboptimality gap matrix: 58.53759169578552
Time for generating suboptimality gap matrix: 57.873703956604004
Sample size 512, iteration 23, B1=20, B2=200, k=50, k2 = None, Bagging Alg 3 & 4time: 185.44044637680054 adaptive epsilon: 9184.0
Sample size 512, iteration 24, SAA time: 1.7284328937530518
Time for generating suboptimality gap matrix: 50.02679920196533
Time for generating suboptimality gap matrix: 56.71964907646179
Time for generating suboptimality gap matrix: 50.907103061676025
Sample size 512, iteration 24, B1=20, B2=200, k=50, k2 = None, Bagging Alg 3 & 4time: 170.83410787582397 adaptive epsilon: 768.0
Sample size 512, iteration 25, SAA time: 1.9751849174499512
Time for generating suboptimality gap matrix: 48.67444705963135
Time for generating suboptimality gap matrix: 56.91653800010681
Time for generating suboptimality gap matrix: 44.10865521430969
Sample size 512, iteration 25, B1=20, B2=200, k=50, k2 = None, Bagging Alg 3 & 4time: 185.77773904800415 adaptive epsilon: 0
Sample size 512, iteration 26, SAA time: 1.070037841796875
Time for generating suboptimality gap matrix: 55.875847816467285
Time for generating suboptimality gap matrix: 57.261796951293945
Time for generating suboptimality gap matrix: 56.768609046936035
Sample size 512, iteration 26, B1=20, B2=200, k=50, k2 = None, Bagging Alg 3 & 4time: 182.09127974510193 adaptive epsilon: 0
Sample size 512, iteration 27, SAA time: 1.1807780265808105
Time for generating suboptimality gap matrix: 58.15265202522278
Time for generating suboptimality gap matrix: 55.10389709472656
Time for generating suboptimality gap matrix: 57.28518199920654
Sample size 512, iteration 27, B1=20, B2=200, k=50, k2 = None, Bagging Alg 3 & 4time: 182.93073511123657 adaptive epsilon: 11936.0
Sample size 512, iteration 28, SAA time: 1.042776107788086
Time for generating suboptimality gap matrix: 50.361679792404175
Time for generating suboptimality gap matrix: 49.835692167282104
Time for generating suboptimality gap matrix: 58.57288217544556
Sample size 512, iteration 28, B1=20, B2=200, k=50, k2 = None, Bagging Alg 3 & 4time: 170.94186806678772 adaptive epsilon: 13200.0
Sample size 512, iteration 29, SAA time: 1.2005040645599365
Time for generating suboptimality gap matrix: 57.86664819717407
Time for generating suboptimality gap matrix: 51.17823576927185
Time for generating suboptimality gap matrix: 51.11296319961548
Sample size 512, iteration 29, B1=20, B2=200, k=50, k2 = None, Bagging Alg 3 & 4time: 172.43028283119202 adaptive epsilon: 3232.0
Sample size 1024, iteration 0, SAA time: 1.7815771102905273
Time for generating suboptimality gap matrix: 52.571004152297974
Time for generating suboptimality gap matrix: 45.16033887863159
Time for generating suboptimality gap matrix: 52.02329897880554
Sample size 1024, iteration 0, B1=20, B2=200, k=50, k2 = None, Bagging Alg 3 & 4time: 185.23701000213623 adaptive epsilon: 9936.0
Sample size 1024, iteration 1, SAA time: 1.6259419918060303
Time for generating suboptimality gap matrix: 57.89085292816162
Time for generating suboptimality gap matrix: 56.76347899436951
Time for generating suboptimality gap matrix: 51.639995098114014
Sample size 1024, iteration 1, B1=20, B2=200, k=50, k2 = None, Bagging Alg 3 & 4time: 178.75325298309326 adaptive epsilon: 19168.0
Sample size 1024, iteration 2, SAA time: 1.5802931785583496
Time for generating suboptimality gap matrix: 56.05570673942566
Time for generating suboptimality gap matrix: 49.8747341632843
Time for generating suboptimality gap matrix: 57.916834115982056
Sample size 1024, iteration 2, B1=20, B2=200, k=50, k2 = None, Bagging Alg 3 & 4time: 176.93961095809937 adaptive epsilon: 11168.0
Sample size 1024, iteration 3, SAA time: 2.3324670791625977
Time for generating suboptimality gap matrix: 56.710654973983765
Time for generating suboptimality gap matrix: 48.477258920669556
Time for generating suboptimality gap matrix: 57.47464919090271
Sample size 1024, iteration 3, B1=20, B2=200, k=50, k2 = None, Bagging Alg 3 & 4time: 175.07911896705627 adaptive epsilon: 0
Sample size 1024, iteration 4, SAA time: 2.334678888320923
Time for generating suboptimality gap matrix: 54.659624099731445
Time for generating suboptimality gap matrix: 52.3947069644928
Time for generating suboptimality gap matrix: 52.383882999420166
Sample size 1024, iteration 4, B1=20, B2=200, k=50, k2 = None, Bagging Alg 3 & 4time: 171.50843811035156 adaptive epsilon: 3224.0
Sample size 1024, iteration 5, SAA time: 3.2081310749053955
Time for generating suboptimality gap matrix: 53.89146900177002
Time for generating suboptimality gap matrix: 62.564640045166016
Time for generating suboptimality gap matrix: 53.45315384864807
Sample size 1024, iteration 5, B1=20, B2=200, k=50, k2 = None, Bagging Alg 3 & 4time: 182.38747119903564 adaptive epsilon: 13472.0
Sample size 1024, iteration 6, SAA time: 2.4814882278442383
Time for generating suboptimality gap matrix: 56.4979510307312
Time for generating suboptimality gap matrix: 58.89199209213257
Time for generating suboptimality gap matrix: 58.242794036865234
Sample size 1024, iteration 6, B1=20, B2=200, k=50, k2 = None, Bagging Alg 3 & 4time: 185.85783290863037 adaptive epsilon: 13776.0
Sample size 1024, iteration 7, SAA time: 1.7163379192352295
Time for generating suboptimality gap matrix: 51.20296382904053
Time for generating suboptimality gap matrix: 56.38774490356445
Time for generating suboptimality gap matrix: 46.365046977996826
Sample size 1024, iteration 7, B1=20, B2=200, k=50, k2 = None, Bagging Alg 3 & 4time: 166.16507029533386 adaptive epsilon: 6184.0
Sample size 1024, iteration 8, SAA time: 2.4820783138275146
Time for generating suboptimality gap matrix: 49.986236810684204
Time for generating suboptimality gap matrix: 54.559370040893555
Time for generating suboptimality gap matrix: 56.968817949295044
Sample size 1024, iteration 8, B1=20, B2=200, k=50, k2 = None, Bagging Alg 3 & 4time: 191.0515809059143 adaptive epsilon: 0
Sample size 1024, iteration 9, SAA time: 1.6832687854766846
Time for generating suboptimality gap matrix: 49.35865879058838
Time for generating suboptimality gap matrix: 51.69452619552612
Time for generating suboptimality gap matrix: 56.51288604736328
Sample size 1024, iteration 9, B1=20, B2=200, k=50, k2 = None, Bagging Alg 3 & 4time: 169.847186088562 adaptive epsilon: 4480.0
Sample size 1024, iteration 10, SAA time: 1.652698040008545
Time for generating suboptimality gap matrix: 49.347389936447144
Time for generating suboptimality gap matrix: 48.23613214492798
Time for generating suboptimality gap matrix: 51.3461389541626
Sample size 1024, iteration 10, B1=20, B2=200, k=50, k2 = None, Bagging Alg 3 & 4time: 187.2133550643921 adaptive epsilon: 8696.0
Sample size 1024, iteration 11, SAA time: 1.7079839706420898
Time for generating suboptimality gap matrix: 57.65022802352905
Time for generating suboptimality gap matrix: 55.56057906150818
Time for generating suboptimality gap matrix: 53.609867095947266
Sample size 1024, iteration 11, B1=20, B2=200, k=50, k2 = None, Bagging Alg 3 & 4time: 179.04494833946228 adaptive epsilon: 9536.0
Sample size 1024, iteration 12, SAA time: 1.6070683002471924
Time for generating suboptimality gap matrix: 50.024107933044434
Time for generating suboptimality gap matrix: 57.74279975891113
Time for generating suboptimality gap matrix: 55.45144009590149
Sample size 1024, iteration 12, B1=20, B2=200, k=50, k2 = None, Bagging Alg 3 & 4time: 175.55738496780396 adaptive epsilon: 0
Sample size 1024, iteration 13, SAA time: 1.9386699199676514
Time for generating suboptimality gap matrix: 52.83388805389404
Time for generating suboptimality gap matrix: 54.53356313705444
Time for generating suboptimality gap matrix: 51.98855495452881
Sample size 1024, iteration 13, B1=20, B2=200, k=50, k2 = None, Bagging Alg 3 & 4time: 171.77029609680176 adaptive epsilon: 14688.0
Sample size 1024, iteration 14, SAA time: 2.346970796585083
Time for generating suboptimality gap matrix: 55.854719161987305
Time for generating suboptimality gap matrix: 51.52040195465088
Time for generating suboptimality gap matrix: 56.53719878196716
Sample size 1024, iteration 14, B1=20, B2=200, k=50, k2 = None, Bagging Alg 3 & 4time: 176.29755783081055 adaptive epsilon: 13256.0
Sample size 1024, iteration 15, SAA time: 2.3360209465026855
Time for generating suboptimality gap matrix: 54.92830181121826
Time for generating suboptimality gap matrix: 48.65617513656616
Time for generating suboptimality gap matrix: 62.007527112960815
Sample size 1024, iteration 15, B1=20, B2=200, k=50, k2 = None, Bagging Alg 3 & 4time: 177.6497926712036 adaptive epsilon: 7632.0
Sample size 1024, iteration 16, SAA time: 2.3930912017822266
Time for generating suboptimality gap matrix: 55.238340854644775
Time for generating suboptimality gap matrix: 56.651625871658325
Time for generating suboptimality gap matrix: 50.18068194389343
Sample size 1024, iteration 16, B1=20, B2=200, k=50, k2 = None, Bagging Alg 3 & 4time: 174.1557970046997 adaptive epsilon: 3040.0
Sample size 1024, iteration 17, SAA time: 1.7846970558166504
Time for generating suboptimality gap matrix: 56.51845622062683
Time for generating suboptimality gap matrix: 52.14352798461914
Time for generating suboptimality gap matrix: 50.437650203704834
Sample size 1024, iteration 17, B1=20, B2=200, k=50, k2 = None, Bagging Alg 3 & 4time: 193.69254994392395 adaptive epsilon: 4016.0
Sample size 1024, iteration 18, SAA time: 1.7132799625396729
Time for generating suboptimality gap matrix: 54.92941331863403
Time for generating suboptimality gap matrix: 49.696372270584106
Time for generating suboptimality gap matrix: 55.60616993904114
Sample size 1024, iteration 18, B1=20, B2=200, k=50, k2 = None, Bagging Alg 3 & 4time: 172.20034885406494 adaptive epsilon: 14000.0
Sample size 1024, iteration 19, SAA time: 1.7805728912353516
Time for generating suboptimality gap matrix: 54.774468183517456
Time for generating suboptimality gap matrix: 50.811546087265015
Time for generating suboptimality gap matrix: 60.08120393753052
Sample size 1024, iteration 19, B1=20, B2=200, k=50, k2 = None, Bagging Alg 3 & 4time: 178.6201000213623 adaptive epsilon: 0
Sample size 1024, iteration 20, SAA time: 1.5792052745819092
Time for generating suboptimality gap matrix: 48.29382085800171
Time for generating suboptimality gap matrix: 50.20341777801514
Time for generating suboptimality gap matrix: 58.043501138687134
Sample size 1024, iteration 20, B1=20, B2=200, k=50, k2 = None, Bagging Alg 3 & 4time: 194.0722212791443 adaptive epsilon: 2752.0
Sample size 1024, iteration 21, SAA time: 5.203218936920166
Time for generating suboptimality gap matrix: 50.92265176773071
Time for generating suboptimality gap matrix: 53.89923715591431
Time for generating suboptimality gap matrix: 50.52831816673279
Sample size 1024, iteration 21, B1=20, B2=200, k=50, k2 = None, Bagging Alg 3 & 4time: 167.71954488754272 adaptive epsilon: 0
Sample size 1024, iteration 22, SAA time: 1.7395648956298828
Time for generating suboptimality gap matrix: 49.197060108184814
Time for generating suboptimality gap matrix: 56.74265503883362
Time for generating suboptimality gap matrix: 56.859610080718994
Sample size 1024, iteration 22, B1=20, B2=200, k=50, k2 = None, Bagging Alg 3 & 4time: 175.643737077713 adaptive epsilon: 0
Sample size 1024, iteration 23, SAA time: 1.6377689838409424
Time for generating suboptimality gap matrix: 55.91411089897156
Time for generating suboptimality gap matrix: 51.96870493888855
Time for generating suboptimality gap matrix: 49.80169486999512
Sample size 1024, iteration 23, B1=20, B2=200, k=50, k2 = None, Bagging Alg 3 & 4time: 169.98368406295776 adaptive epsilon: 0
Sample size 1024, iteration 24, SAA time: 2.4599239826202393
Time for generating suboptimality gap matrix: 45.167888879776
Time for generating suboptimality gap matrix: 47.652241945266724
Time for generating suboptimality gap matrix: 51.183918952941895
Sample size 1024, iteration 24, B1=20, B2=200, k=50, k2 = None, Bagging Alg 3 & 4time: 168.50926089286804 adaptive epsilon: 13752.0
Sample size 1024, iteration 25, SAA time: 1.7078731060028076
Time for generating suboptimality gap matrix: 48.9448299407959
Time for generating suboptimality gap matrix: 50.45514416694641
Time for generating suboptimality gap matrix: 59.43441915512085
Sample size 1024, iteration 25, B1=20, B2=200, k=50, k2 = None, Bagging Alg 3 & 4time: 187.70084500312805 adaptive epsilon: 10808.0
Sample size 1024, iteration 26, SAA time: 2.487053155899048
Time for generating suboptimality gap matrix: 54.919503927230835
Time for generating suboptimality gap matrix: 55.94538712501526
Time for generating suboptimality gap matrix: 53.102245807647705
Sample size 1024, iteration 26, B1=20, B2=200, k=50, k2 = None, Bagging Alg 3 & 4time: 176.465074300766 adaptive epsilon: 10592.0
Sample size 1024, iteration 27, SAA time: 2.6514699459075928
Time for generating suboptimality gap matrix: 55.65987706184387
Time for generating suboptimality gap matrix: 56.615999937057495
Time for generating suboptimality gap matrix: 55.012112855911255
Sample size 1024, iteration 27, B1=20, B2=200, k=50, k2 = None, Bagging Alg 3 & 4time: 180.53243684768677 adaptive epsilon: 0
Sample size 1024, iteration 28, SAA time: 1.7194311618804932
Time for generating suboptimality gap matrix: 54.48893165588379
Time for generating suboptimality gap matrix: 56.210471868515015
Time for generating suboptimality gap matrix: 48.47263479232788
Sample size 1024, iteration 28, B1=20, B2=200, k=50, k2 = None, Bagging Alg 3 & 4time: 171.54994320869446 adaptive epsilon: 7072.0
Sample size 1024, iteration 29, SAA time: 1.8587992191314697
Time for generating suboptimality gap matrix: 50.42150092124939
Time for generating suboptimality gap matrix: 50.90870404243469
Time for generating suboptimality gap matrix: 55.76473021507263
Sample size 1024, iteration 29, B1=20, B2=200, k=50, k2 = None, Bagging Alg 3 & 4time: 194.0118510723114 adaptive epsilon: 0
Sample size 2048, iteration 0, SAA time: 9.764276027679443
Time for generating suboptimality gap matrix: 55.120874881744385
Time for generating suboptimality gap matrix: 49.89148211479187
Time for generating suboptimality gap matrix: 57.80030107498169
Sample size 2048, iteration 0, B1=20, B2=200, k=50, k2 = None, Bagging Alg 3 & 4time: 175.98025107383728 adaptive epsilon: 0
Sample size 2048, iteration 1, SAA time: 14.79520297050476
Time for generating suboptimality gap matrix: 50.73052000999451
Time for generating suboptimality gap matrix: 50.65798211097717
Time for generating suboptimality gap matrix: 52.38887691497803
Sample size 2048, iteration 1, B1=20, B2=200, k=50, k2 = None, Bagging Alg 3 & 4time: 166.74883604049683 adaptive epsilon: 0
Sample size 2048, iteration 2, SAA time: 9.970762014389038
Time for generating suboptimality gap matrix: 57.79858684539795
Time for generating suboptimality gap matrix: 56.90507912635803
Time for generating suboptimality gap matrix: 56.15660119056702
Sample size 2048, iteration 2, B1=20, B2=200, k=50, k2 = None, Bagging Alg 3 & 4time: 183.49315905570984 adaptive epsilon: 14528.0
Sample size 2048, iteration 3, SAA time: 10.069733142852783
Time for generating suboptimality gap matrix: 48.82032775878906
Time for generating suboptimality gap matrix: 50.507153272628784
Time for generating suboptimality gap matrix: 51.66687726974487
Sample size 2048, iteration 3, B1=20, B2=200, k=50, k2 = None, Bagging Alg 3 & 4time: 164.02869129180908 adaptive epsilon: 9352.0
Sample size 2048, iteration 4, SAA time: 13.675103902816772
Time for generating suboptimality gap matrix: 61.94794011116028
Time for generating suboptimality gap matrix: 55.357105016708374
Time for generating suboptimality gap matrix: 51.49294710159302
Sample size 2048, iteration 4, B1=20, B2=200, k=50, k2 = None, Bagging Alg 3 & 4time: 197.4323070049286 adaptive epsilon: 9456.0
Sample size 2048, iteration 5, SAA time: 11.311069965362549
Time for generating suboptimality gap matrix: 52.84001111984253
Time for generating suboptimality gap matrix: 52.21664905548096
Time for generating suboptimality gap matrix: 56.145193338394165
Sample size 2048, iteration 5, B1=20, B2=200, k=50, k2 = None, Bagging Alg 3 & 4time: 173.31946802139282 adaptive epsilon: 3632.0
Sample size 2048, iteration 6, SAA time: 9.619441986083984
Time for generating suboptimality gap matrix: 49.7203950881958
Time for generating suboptimality gap matrix: 50.270620822906494
Time for generating suboptimality gap matrix: 50.3169960975647
Sample size 2048, iteration 6, B1=20, B2=200, k=50, k2 = None, Bagging Alg 3 & 4time: 162.33137392997742 adaptive epsilon: 6224.0
Sample size 2048, iteration 7, SAA time: 9.415211200714111
Time for generating suboptimality gap matrix: 50.225879192352295
Time for generating suboptimality gap matrix: 54.06427788734436
Time for generating suboptimality gap matrix: 49.92815279960632
Sample size 2048, iteration 7, B1=20, B2=200, k=50, k2 = None, Bagging Alg 3 & 4time: 190.65308594703674 adaptive epsilon: 10544.0
Sample size 2048, iteration 8, SAA time: 8.938346147537231
Time for generating suboptimality gap matrix: 49.1649968624115
Time for generating suboptimality gap matrix: 50.803940773010254
Time for generating suboptimality gap matrix: 49.2988178730011
Sample size 2048, iteration 8, B1=20, B2=200, k=50, k2 = None, Bagging Alg 3 & 4time: 161.41721892356873 adaptive epsilon: 0
Sample size 2048, iteration 9, SAA time: 8.005091190338135
Time for generating suboptimality gap matrix: 56.90308094024658
Time for generating suboptimality gap matrix: 47.960861921310425
Time for generating suboptimality gap matrix: 57.014166831970215
Sample size 2048, iteration 9, B1=20, B2=200, k=50, k2 = None, Bagging Alg 3 & 4time: 174.5052878856659 adaptive epsilon: 0
Sample size 2048, iteration 10, SAA time: 8.704267978668213
Time for generating suboptimality gap matrix: 57.61988282203674
Time for generating suboptimality gap matrix: 51.72373032569885
Time for generating suboptimality gap matrix: 54.05916380882263
Sample size 2048, iteration 10, B1=20, B2=200, k=50, k2 = None, Bagging Alg 3 & 4time: 175.62716102600098 adaptive epsilon: 19664.0
Sample size 2048, iteration 11, SAA time: 10.917607069015503
Time for generating suboptimality gap matrix: 55.73330616950989
Time for generating suboptimality gap matrix: 55.19582486152649
Time for generating suboptimality gap matrix: 50.63161492347717
Sample size 2048, iteration 11, B1=20, B2=200, k=50, k2 = None, Bagging Alg 3 & 4time: 174.25353002548218 adaptive epsilon: 15840.0
Sample size 2048, iteration 12, SAA time: 10.347440958023071
Time for generating suboptimality gap matrix: 51.683613300323486
Time for generating suboptimality gap matrix: 56.334821939468384
Time for generating suboptimality gap matrix: 55.16252899169922
Sample size 2048, iteration 12, B1=20, B2=200, k=50, k2 = None, Bagging Alg 3 & 4time: 175.45991015434265 adaptive epsilon: 13296.0
Sample size 2048, iteration 13, SAA time: 8.113260984420776
Time for generating suboptimality gap matrix: 50.821820974349976
Time for generating suboptimality gap matrix: 55.7235791683197
Time for generating suboptimality gap matrix: 51.09257102012634
Sample size 2048, iteration 13, B1=20, B2=200, k=50, k2 = None, Bagging Alg 3 & 4time: 169.85706996917725 adaptive epsilon: 11096.0
Sample size 2048, iteration 14, SAA time: 17.34450101852417
Time for generating suboptimality gap matrix: 53.692251682281494
Time for generating suboptimality gap matrix: 51.976503133773804
Time for generating suboptimality gap matrix: 54.56801915168762
Sample size 2048, iteration 14, B1=20, B2=200, k=50, k2 = None, Bagging Alg 3 & 4time: 173.7658450603485 adaptive epsilon: 1072.0
Sample size 2048, iteration 15, SAA time: 11.54965591430664
Time for generating suboptimality gap matrix: 42.73399114608765
Time for generating suboptimality gap matrix: 58.428362131118774
Time for generating suboptimality gap matrix: 53.921663999557495
Sample size 2048, iteration 15, B1=20, B2=200, k=50, k2 = None, Bagging Alg 3 & 4time: 185.56468296051025 adaptive epsilon: 0
Sample size 2048, iteration 16, SAA time: 13.88031792640686
Time for generating suboptimality gap matrix: 49.245219230651855
Time for generating suboptimality gap matrix: 40.3421049118042
Time for generating suboptimality gap matrix: 44.95046520233154
Sample size 2048, iteration 16, B1=20, B2=200, k=50, k2 = None, Bagging Alg 3 & 4time: 170.34461283683777 adaptive epsilon: 9840.0
Sample size 2048, iteration 17, SAA time: 12.389045715332031
Time for generating suboptimality gap matrix: 50.24088191986084
Time for generating suboptimality gap matrix: 51.84776425361633
Time for generating suboptimality gap matrix: 49.6548490524292
Sample size 2048, iteration 17, B1=20, B2=200, k=50, k2 = None, Bagging Alg 3 & 4time: 189.7509069442749 adaptive epsilon: 0
Sample size 2048, iteration 18, SAA time: 7.908279895782471
Time for generating suboptimality gap matrix: 49.73740291595459
Time for generating suboptimality gap matrix: 44.147018909454346
Time for generating suboptimality gap matrix: 56.7327139377594
Sample size 2048, iteration 18, B1=20, B2=200, k=50, k2 = None, Bagging Alg 3 & 4time: 165.08947896957397 adaptive epsilon: 0
Sample size 2048, iteration 19, SAA time: 10.248505115509033
Time for generating suboptimality gap matrix: 51.61005401611328
Time for generating suboptimality gap matrix: 53.377264976501465
Time for generating suboptimality gap matrix: 48.0976881980896
Sample size 2048, iteration 19, B1=20, B2=200, k=50, k2 = None, Bagging Alg 3 & 4time: 165.1855309009552 adaptive epsilon: 1296.0
Sample size 2048, iteration 20, SAA time: 11.646206140518188
Time for generating suboptimality gap matrix: 56.90652799606323
Time for generating suboptimality gap matrix: 51.517295122146606
Time for generating suboptimality gap matrix: 50.06337285041809
Sample size 2048, iteration 20, B1=20, B2=200, k=50, k2 = None, Bagging Alg 3 & 4time: 170.8793227672577 adaptive epsilon: 6056.0
Sample size 2048, iteration 21, SAA time: 10.302612066268921
Time for generating suboptimality gap matrix: 53.85294318199158
Time for generating suboptimality gap matrix: 51.129722118377686
Time for generating suboptimality gap matrix: 57.22617983818054
Sample size 2048, iteration 21, B1=20, B2=200, k=50, k2 = None, Bagging Alg 3 & 4time: 175.25392889976501 adaptive epsilon: 15776.0
Sample size 2048, iteration 22, SAA time: 8.791364669799805
Time for generating suboptimality gap matrix: 53.127591133117676
Time for generating suboptimality gap matrix: 47.17923188209534
Time for generating suboptimality gap matrix: 54.790198802948
Sample size 2048, iteration 22, B1=20, B2=200, k=50, k2 = None, Bagging Alg 3 & 4time: 168.04821515083313 adaptive epsilon: 8272.0
Sample size 2048, iteration 23, SAA time: 12.16954493522644
Time for generating suboptimality gap matrix: 49.07017517089844
Time for generating suboptimality gap matrix: 51.02773714065552
Time for generating suboptimality gap matrix: 57.36617398262024
Sample size 2048, iteration 23, B1=20, B2=200, k=50, k2 = None, Bagging Alg 3 & 4time: 169.79261016845703 adaptive epsilon: 0
Sample size 2048, iteration 24, SAA time: 8.005653142929077
Time for generating suboptimality gap matrix: 51.51873993873596
Time for generating suboptimality gap matrix: 47.39609503746033
Time for generating suboptimality gap matrix: 59.79412293434143
Sample size 2048, iteration 24, B1=20, B2=200, k=50, k2 = None, Bagging Alg 3 & 4time: 171.5298249721527 adaptive epsilon: 3344.0
Sample size 2048, iteration 25, SAA time: 8.368721008300781
Time for generating suboptimality gap matrix: 53.03260016441345
Time for generating suboptimality gap matrix: 49.3497588634491
Time for generating suboptimality gap matrix: 40.65729308128357
Sample size 2048, iteration 25, B1=20, B2=200, k=50, k2 = None, Bagging Alg 3 & 4time: 154.9753692150116 adaptive epsilon: 4944.0
Sample size 2048, iteration 26, SAA time: 10.79132604598999
Time for generating suboptimality gap matrix: 47.02554512023926
Time for generating suboptimality gap matrix: 58.5906138420105
Time for generating suboptimality gap matrix: 56.409327268600464
Sample size 2048, iteration 26, B1=20, B2=200, k=50, k2 = None, Bagging Alg 3 & 4time: 192.2222340106964 adaptive epsilon: 3744.0
Sample size 2048, iteration 27, SAA time: 9.451637029647827
Time for generating suboptimality gap matrix: 51.02092695236206
Time for generating suboptimality gap matrix: 53.81730890274048
Time for generating suboptimality gap matrix: 53.20793294906616
Sample size 2048, iteration 27, B1=20, B2=200, k=50, k2 = None, Bagging Alg 3 & 4time: 170.62040996551514 adaptive epsilon: 8480.0
Sample size 2048, iteration 28, SAA time: 8.594978094100952
Time for generating suboptimality gap matrix: 50.31190490722656
Time for generating suboptimality gap matrix: 56.68727898597717
Time for generating suboptimality gap matrix: 57.69541907310486
Sample size 2048, iteration 28, B1=20, B2=200, k=50, k2 = None, Bagging Alg 3 & 4time: 176.7660369873047 adaptive epsilon: 3792.0
Sample size 2048, iteration 29, SAA time: 8.53418231010437
Time for generating suboptimality gap matrix: 49.82611680030823
Time for generating suboptimality gap matrix: 52.49507474899292
Time for generating suboptimality gap matrix: 48.562888860702515
Sample size 2048, iteration 29, B1=20, B2=200, k=50, k2 = None, Bagging Alg 3 & 4time: 163.2878279685974 adaptive epsilon: 0
Total time: 26702.763184070587
Set parameter Username
Academic license - for non-commercial use only - expires 2025-03-13
Process Process-1:
Traceback (most recent call last):
  File "/opt/anaconda3/envs/vm/lib/python3.9/multiprocessing/process.py", line 315, in _bootstrap
    self.run()
  File "/opt/anaconda3/envs/vm/lib/python3.9/multiprocessing/process.py", line 108, in run
    self._target(*self._args, **self._kwargs)
  File "/Users/howardying/Desktop/Stochastic program/experiments/code_main/ParallelSolve.py", line 11, in sequentialSolve
    queue.put(opt_func(sample, *prob_args))
  File "/Users/howardying/Desktop/Stochastic program/experiments/code_main/ParallelSolve.py", line 450, in gurobi_SSKP
    model.setObjective(quicksum(r[i] * x[i] for i in range(m)) - c/k * quicksum(z[j] for j in range(k)), GRB.MAXIMIZE)
  File "src/gurobipy/gurobi.pxi", line 3842, in gurobipy.quicksum
  File "/Users/howardying/Desktop/Stochastic program/experiments/code_main/ParallelSolve.py", line 450, in <genexpr>
    model.setObjective(quicksum(r[i] * x[i] for i in range(m)) - c/k * quicksum(z[j] for j in range(k)), GRB.MAXIMIZE)
TypeError: can't multiply sequence by non-int of type 'Var'
